[    0.000000] Initializing cgroup subsys cpuset
[    0.000000] Initializing cgroup subsys cpu
[    0.000000] Initializing cgroup subsys cpuacct
[    0.000000] Linux version 4.4.0-210-generic (buildd@lgw01-amd64-009) (gcc version 5.4.0 20160609 (Ubuntu 5.4.0-6ubuntu1~16.04.12) ) #242-Ubuntu SMP Fri Apr 16 09:57:56 UTC 2021 (Ubuntu 4.4.0-210.242-generic 4.4.262)
[    0.000000] Command line: BOOT_IMAGE=/boot/vmlinuz-4.4.0-210-generic root=LABEL=cloudimg-rootfs ro console=tty1 console=ttyS0
[    0.000000] KERNEL supported cpus:
[    0.000000]   Intel GenuineIntel
[    0.000000]   AMD AuthenticAMD
[    0.000000]   Centaur CentaurHauls
[    0.000000] [Firmware Bug]: TSC doesn't count with P0 frequency!
[    0.000000] x86/fpu: Legacy x87 FPU detected.
[    0.000000] e820: BIOS-provided physical RAM map:
[    0.000000] BIOS-e820: [mem 0x0000000000000000-0x000000000009fbff] usable
[    0.000000] BIOS-e820: [mem 0x000000000009fc00-0x000000000009ffff] reserved
[    0.000000] BIOS-e820: [mem 0x00000000000f0000-0x00000000000fffff] reserved
[    0.000000] BIOS-e820: [mem 0x0000000000100000-0x000000003ffeffff] usable
[    0.000000] BIOS-e820: [mem 0x000000003fff0000-0x000000003fffffff] ACPI data
[    0.000000] BIOS-e820: [mem 0x00000000fec00000-0x00000000fec00fff] reserved
[    0.000000] BIOS-e820: [mem 0x00000000fee00000-0x00000000fee00fff] reserved
[    0.000000] BIOS-e820: [mem 0x00000000fffc0000-0x00000000ffffffff] reserved
[    0.000000] NX (Execute Disable) protection: active
[    0.000000] SMBIOS 2.5 present.
[    0.000000] Hypervisor detected: KVM
[    0.000000] Kernel/User page tables isolation: disabled
[    0.000000] e820: last_pfn = 0x3fff0 max_arch_pfn = 0x400000000
[    0.000000] MTRR: Disabled
[    0.000000] x86/PAT: MTRRs disabled, skipping PAT initialization too.
[    0.000000] CPU MTRRs all blank - virtualized system.
[    0.000000] x86/PAT: Configuration [0-7]: WB  WT  UC- UC  WB  WT  UC- UC  
[    0.000000] found SMP MP-table at [mem 0x0009fff0-0x0009ffff] mapped at [ffff88000009fff0]
[    0.000000] Scanning 1 areas for low memory corruption
[    0.000000] RAMDISK: [mem 0x362dc000-0x37165fff]
[    0.000000] ACPI: Early table checksum verification disabled
[    0.000000] ACPI: RSDP 0x00000000000E0000 000024 (v02 VBOX  )
[    0.000000] ACPI: XSDT 0x000000003FFF0030 00003C (v01 VBOX   VBOXXSDT 00000001 ASL  00000061)
[    0.000000] ACPI: FACP 0x000000003FFF00F0 0000F4 (v04 VBOX   VBOXFACP 00000001 ASL  00000061)
[    0.000000] ACPI: DSDT 0x000000003FFF0610 002353 (v02 VBOX   VBOXBIOS 00000002 INTL 20100528)
[    0.000000] ACPI: FACS 0x000000003FFF0200 000040
[    0.000000] ACPI: FACS 0x000000003FFF0200 000040
[    0.000000] ACPI: APIC 0x000000003FFF0240 000054 (v02 VBOX   VBOXAPIC 00000001 ASL  00000061)
[    0.000000] ACPI: SSDT 0x000000003FFF02A0 00036C (v01 VBOX   VBOXCPUT 00000002 INTL 20100528)
[    0.000000] No NUMA configuration found
[    0.000000] Faking a node at [mem 0x0000000000000000-0x000000003ffeffff]
[    0.000000] NODE_DATA(0) allocated [mem 0x3ffeb000-0x3ffeffff]
[    0.000000] kvm-clock: Using msrs 4b564d01 and 4b564d00
[    0.000000] kvm-clock: cpu 0, msr 0:3ffe3001, primary cpu clock
[    0.000000] kvm-clock: using sched offset of 3054811649 cycles
[    0.000000] clocksource: kvm-clock: mask: 0xffffffffffffffff max_cycles: 0x1cd42e4dffb, max_idle_ns: 881590591483 ns
[    0.000000] Zone ranges:
[    0.000000]   DMA      [mem 0x0000000000001000-0x0000000000ffffff]
[    0.000000]   DMA32    [mem 0x0000000001000000-0x000000003ffeffff]
[    0.000000]   Normal   empty
[    0.000000]   Device   empty
[    0.000000] Movable zone start for each node
[    0.000000] Early memory node ranges
[    0.000000]   node   0: [mem 0x0000000000001000-0x000000000009efff]
[    0.000000]   node   0: [mem 0x0000000000100000-0x000000003ffeffff]
[    0.000000] Initmem setup node 0 [mem 0x0000000000001000-0x000000003ffeffff]
[    0.000000] ACPI: PM-Timer IO Port: 0x4008
[    0.000000] IOAPIC[0]: apic_id 1, version 32, address 0xfec00000, GSI 0-23
[    0.000000] ACPI: INT_SRC_OVR (bus 0 bus_irq 0 global_irq 2 dfl dfl)
[    0.000000] ACPI: INT_SRC_OVR (bus 0 bus_irq 9 global_irq 9 low level)
[    0.000000] Using ACPI (MADT) for SMP configuration information
[    0.000000] smpboot: Allowing 1 CPUs, 0 hotplug CPUs
[    0.000000] PM: Registered nosave memory: [mem 0x00000000-0x00000fff]
[    0.000000] PM: Registered nosave memory: [mem 0x0009f000-0x0009ffff]
[    0.000000] PM: Registered nosave memory: [mem 0x000a0000-0x000effff]
[    0.000000] PM: Registered nosave memory: [mem 0x000f0000-0x000fffff]
[    0.000000] e820: [mem 0x40000000-0xfebfffff] available for PCI devices
[    0.000000] Booting paravirtualized kernel on KVM
[    0.000000] clocksource: refined-jiffies: mask: 0xffffffff max_cycles: 0xffffffff, max_idle_ns: 7645519600211568 ns
[    0.000000] setup_percpu: NR_CPUS:512 nr_cpumask_bits:512 nr_cpu_ids:1 nr_node_ids:1
[    0.000000] PERCPU: Embedded 33 pages/cpu @ffff88003fc00000 s95192 r8192 d31784 u2097152
[    0.000000] Built 1 zonelists in Node order, mobility grouping on.  Total pages: 257912
[    0.000000] Policy zone: DMA32
[    0.000000] Kernel command line: BOOT_IMAGE=/boot/vmlinuz-4.4.0-210-generic root=LABEL=cloudimg-rootfs ro console=tty1 console=ttyS0
[    0.000000] PID hash table entries: 4096 (order: 3, 32768 bytes)
[    0.000000] Memory: 997924K/1048120K available (8644K kernel code, 1332K rwdata, 4044K rodata, 1492K init, 1164K bss, 50196K reserved, 0K cma-reserved)
[    0.000000] SLUB: HWalign=64, Order=0-3, MinObjects=0, CPUs=1, Nodes=1
[    0.000000] Hierarchical RCU implementation.
[    0.000000] 	Build-time adjustment of leaf fanout to 64.
[    0.000000] 	RCU restricting CPUs from NR_CPUS=512 to nr_cpu_ids=1.
[    0.000000] RCU: Adjusting geometry for rcu_fanout_leaf=64, nr_cpu_ids=1
[    0.000000] NR_IRQS:33024 nr_irqs:256 16
[    0.000000] Console: colour VGA+ 80x25
[    0.000000] console [tty1] enabled
[    0.000000] console [ttyS0] enabled
[    0.000000] tsc: Detected 3700.004 MHz processor
[    0.239634] Calibrating delay loop (skipped) preset value.. 7400.00 BogoMIPS (lpj=14800016)
[    0.243151] pid_max: default: 32768 minimum: 301
[    0.244927] ACPI: Core revision 20150930
[    0.247919] ACPI: 2 ACPI AML tables successfully acquired and loaded
[    0.252531] Security Framework initialized
[    0.254176] Yama: becoming mindful.
[    0.256124] AppArmor: AppArmor initialized
[    0.257843] Dentry cache hash table entries: 131072 (order: 8, 1048576 bytes)
[    0.262020] Inode-cache hash table entries: 65536 (order: 7, 524288 bytes)
[    0.269099] Mount-cache hash table entries: 2048 (order: 2, 16384 bytes)
[    0.272552] Mountpoint-cache hash table entries: 2048 (order: 2, 16384 bytes)
[    0.275950] Initializing cgroup subsys io
[    0.277901] Initializing cgroup subsys memory
[    0.281096] Initializing cgroup subsys devices
[    0.282851] Initializing cgroup subsys freezer
[    0.284640] Initializing cgroup subsys net_cls
[    0.286502] Initializing cgroup subsys perf_event
[    0.288265] Initializing cgroup subsys net_prio
[    0.290055] Initializing cgroup subsys hugetlb
[    0.293544] Initializing cgroup subsys pids
[    0.295502] CPU0: Hyper-Threading is disabled
[    0.297283] mce: CPU supports 0 MCE banks
[    0.300526] Last level iTLB entries: 4KB 512, 2MB 512, 4MB 256
[    0.303473] Last level dTLB entries: 4KB 2048, 2MB 2048, 4MB 1024, 1GB 0
[    0.305982] Spectre V1 : Mitigation: usercopy/swapgs barriers and __user pointer sanitization
[    0.309223] Spectre V2 : Spectre mitigation: LFENCE not serializing, switching to generic retpoline
[    0.315534] Spectre V2 : Mitigation: Full generic retpoline
[    0.317763] Spectre V2 : Spectre v2 / SpectreRSB mitigation: Filling RSB on context switch
[    0.392246] Freeing SMP alternatives memory: 36K
[    0.425799] ftrace: allocating 32380 entries in 127 pages
[    0.652893] smpboot: APIC(0) Converting physical 0 to logical package 0
[    0.655835] smpboot: Max logical packages: 1
[    0.663487] ..TIMER: vector=0x30 apic1=0 pin1=2 apic2=-1 pin2=-1
[    0.774349] smpboot: CPU0: AMD Ryzen 5 5600X 6-Core Processor (family: 0x19, model: 0x21, stepping: 0x0)
[    0.778632] Performance Events: Broken PMU hardware detected, using software events only.
[    0.781720] Failed to access perfctr msr (MSR c0010007 is 0)
[    0.816355] KVM setup paravirtual spinlock
[    0.818675] x86: Booted up 1 node, 1 CPUs
[    0.820228] smpboot: Total of 1 processors activated (7400.00 BogoMIPS)
[    0.823576] devtmpfs: initialized
[    0.825875] evm: security.selinux
[    0.827167] evm: security.SMACK64
[    0.828390] evm: security.SMACK64EXEC
[    0.829786] evm: security.SMACK64TRANSMUTE
[    0.831336] evm: security.SMACK64MMAP
[    0.832669] evm: security.ima
[    0.833788] evm: security.capability
[    0.835291] clocksource: jiffies: mask: 0xffffffff max_cycles: 0xffffffff, max_idle_ns: 7645041785100000 ns
[    0.838686] futex hash table entries: 256 (order: 2, 16384 bytes)
[    0.840902] pinctrl core: initialized pinctrl subsystem
[    0.842965] RTC time: 14:37:00, date: 03/05/23
[    0.844948] NET: Registered protocol family 16
[    0.846758] cpuidle: using governor ladder
[    0.848242] cpuidle: using governor menu
[    0.849664] PCCT header not found.
[    0.852017] ACPI: bus type PCI registered
[    0.853476] acpiphp: ACPI Hot Plug PCI Controller Driver version: 0.5
[    0.855958] PCI: Using configuration type 1 for base access
[    0.857915] PCI: Using configuration type 1 for extended access
[    0.861182] ACPI: Added _OSI(Module Device)
[    0.862750] ACPI: Added _OSI(Processor Device)
[    0.864332] ACPI: Added _OSI(3.0 _SCP Extensions)
[    0.866193] ACPI: Added _OSI(Processor Aggregator Device)
[    0.868588] ACPI: Executed 1 blocks of module-level executable AML code
[    0.872594] ACPI: Interpreter enabled
[    0.873954] ACPI: (supports S0 S5)
[    0.875263] ACPI: Using IOAPIC for interrupt routing
[    0.877190] PCI: Using host bridge windows from ACPI; if necessary, use "pci=nocrs" and report a bug
[    0.883461] ACPI: PCI Root Bridge [PCI0] (domain 0000 [bus 00-ff])
[    0.885618] acpi PNP0A03:00: _OSC: OS supports [ExtendedConfig ASPM ClockPM Segments MSI]
[    0.889250] acpi PNP0A03:00: _OSC: platform does not support [PCIeCapability]
[    0.892044] acpi PNP0A03:00: _OSC: not requesting control; platform does not support [PCIeCapability]
[    0.895341] acpi PNP0A03:00: _OSC: OS requested [PCIeHotplug PME AER PCIeCapability]
[    0.898073] acpi PNP0A03:00: _OSC: platform willing to grant [PCIeHotplug PME AER]
[    0.900786] acpi PNP0A03:00: _OSC failed (AE_SUPPORT); disabling ASPM
[    0.903598] PCI host bridge to bus 0000:00
[    0.905095] pci_bus 0000:00: root bus resource [io  0x0000-0x0cf7 window]
[    0.907727] pci_bus 0000:00: root bus resource [io  0x0d00-0xffff window]
[    0.910074] pci_bus 0000:00: root bus resource [mem 0x000a0000-0x000bffff window]
[    0.912787] pci_bus 0000:00: root bus resource [mem 0x40000000-0xfdffffff window]
[    0.915491] pci_bus 0000:00: root bus resource [bus 00-ff]
[    0.920124] pci 0000:00:01.1: legacy IDE quirk: reg 0x10: [io  0x01f0-0x01f7]
[    0.922668] pci 0000:00:01.1: legacy IDE quirk: reg 0x14: [io  0x03f6]
[    0.924987] pci 0000:00:01.1: legacy IDE quirk: reg 0x18: [io  0x0170-0x0177]
[    0.927497] pci 0000:00:01.1: legacy IDE quirk: reg 0x1c: [io  0x0376]
[    0.938114] pci 0000:00:07.0: quirk: [io  0x4000-0x403f] claimed by PIIX4 ACPI
[    0.948735] pci 0000:00:07.0: quirk: [io  0x4100-0x410f] claimed by PIIX4 SMB
[    0.955521] ACPI: PCI Interrupt Link [LNKA] (IRQs 5 9 10 *11)
[    0.958574] ACPI: PCI Interrupt Link [LNKB] (IRQs 5 9 *10 11)
[    0.961469] ACPI: PCI Interrupt Link [LNKC] (IRQs 5 *9 10 11)
[    0.964402] ACPI: PCI Interrupt Link [LNKD] (IRQs 5 9 10 *11)
[    0.967394] ACPI: Enabled 2 GPEs in block 00 to 07
[    0.969469] vgaarb: setting as boot device: PCI:0000:00:02.0
[    0.971601] vgaarb: device added: PCI:0000:00:02.0,decodes=io+mem,owns=io+mem,locks=none
[    0.974486] vgaarb: loaded
[    0.975571] vgaarb: bridge control possible 0000:00:02.0
[    0.977647] SCSI subsystem initialized
[    0.979160] ACPI: bus type USB registered
[    0.980625] usbcore: registered new interface driver usbfs
[    0.982619] usbcore: registered new interface driver hub
[    0.984524] usbcore: registered new device driver usb
[    0.986517] PCI: Using ACPI for IRQ routing
[    0.988402] NetLabel: Initializing
[    0.989660] NetLabel:  domain hash size = 128
[    0.991271] NetLabel:  protocols = UNLABELED CIPSOv4
[    0.993154] NetLabel:  unlabeled traffic allowed by default
[    0.995244] amd_nb: Cannot enumerate AMD northbridges
[    0.997067] clocksource: Switched to clocksource kvm-clock
[    1.010145] AppArmor: AppArmor Filesystem Enabled
[    1.011987] pnp: PnP ACPI init
[    1.014032] pnp: PnP ACPI: found 3 devices
[    1.021767] clocksource: acpi_pm: mask: 0xffffff max_cycles: 0xffffff, max_idle_ns: 2085701024 ns
[    1.025017] NET: Registered protocol family 2
[    1.026883] TCP established hash table entries: 8192 (order: 4, 65536 bytes)
[    1.029512] TCP bind hash table entries: 8192 (order: 5, 131072 bytes)
[    1.031949] TCP: Hash tables configured (established 8192 bind 8192)
[    1.034555] UDP hash table entries: 512 (order: 2, 16384 bytes)
[    1.036637] UDP-Lite hash table entries: 512 (order: 2, 16384 bytes)
[    1.039052] NET: Registered protocol family 1
[    1.040630] pci 0000:00:00.0: Limiting direct PCI/PCI transfers
[    1.042788] pci 0000:00:01.0: Activating ISA DMA hang workarounds
[    1.045106] Unpacking initramfs...
[    1.223748] Freeing initrd memory: 14888K
[    1.225753] clocksource: tsc: mask: 0xffffffffffffffff max_cycles: 0x6aaab41c729, max_idle_ns: 881591026156 ns
[    1.229400] platform rtc_cmos: registered platform RTC device (no PNP device found)
[    1.232337] Scanning for low memory corruption every 60 seconds
[    1.235147] audit: initializing netlink subsys (disabled)
[    1.237370] audit: type=2000 audit(1678027025.848:1): initialized
[    1.239705] Initialise system trusted keyring
[    1.241539] HugeTLB registered 2 MB page size, pre-allocated 0 pages
[    1.244819] zbud: loaded
[    1.246402] VFS: Disk quotas dquot_6.6.0
[    1.247902] VFS: Dquot-cache hash table entries: 512 (order 0, 4096 bytes)
[    1.250588] squashfs: version 4.0 (2009/01/31) Phillip Lougher
[    1.252873] fuse init (API version 7.23)
[    1.254525] Key type big_key registered
[    1.255985] Allocating IMA MOK and blacklist keyrings.
[    1.258477] Key type asymmetric registered
[    1.259967] Asymmetric key parser 'x509' registered
[    1.261791] Block layer SCSI generic (bsg) driver version 0.4 loaded (major 249)
[    1.264492] io scheduler noop registered
[    1.266139] io scheduler deadline registered (default)
[    1.267979] io scheduler cfq registered
[    1.269534] pci_hotplug: PCI Hot Plug PCI Core version: 0.5
[    1.271487] pciehp: PCI Express Hot Plug Controller Driver version: 0.4
[    1.273920] ACPI: AC Adapter [AC] (on-line)
[    1.275488] input: Power Button as /devices/LNXSYSTM:00/LNXPWRBN:00/input/input0
[    1.278159] ACPI: Power Button [PWRF]
[    1.279549] input: Sleep Button as /devices/LNXSYSTM:00/LNXSLPBN:00/input/input1
[    1.282223] ACPI: Sleep Button [SLPF]
[    1.283665] GHES: HEST is not enabled!
[    1.285376] Serial: 8250/16550 driver, 32 ports, IRQ sharing enabled
[    1.310498] 00:02: ttyS0 at I/O 0x3f8 (irq = 4, base_baud = 115200) is a 16550A
[    1.314034] Linux agpgart interface v0.103
[    1.317903] loop: module loaded
[    1.320259] scsi host0: ata_piix
[    1.321686] scsi host1: ata_piix
[    1.322947] ata1: PATA max UDMA/33 cmd 0x1f0 ctl 0x3f6 bmdma 0xd000 irq 14
[    1.325472] ata2: PATA max UDMA/33 cmd 0x170 ctl 0x376 bmdma 0xd008 irq 15
[    1.328979] libphy: Fixed MDIO Bus: probed
[    1.330538] tun: Universal TUN/TAP device driver, 1.6
[    1.332317] tun: (C) 1999-2004 Max Krasnyansky <maxk@qualcomm.com>
[    1.334644] PPP generic driver version 2.4.2
[    1.336228] ehci_hcd: USB 2.0 'Enhanced' Host Controller (EHCI) Driver
[    1.338621] ehci-pci: EHCI PCI platform driver
[    1.340837] ehci-platform: EHCI generic platform driver
[    1.342868] ohci_hcd: USB 1.1 'Open' Host Controller (OHCI) Driver
[    1.345069] ohci-pci: OHCI PCI platform driver
[    1.346755] ohci-platform: OHCI generic platform driver
[    1.348627] uhci_hcd: USB Universal Host Controller Interface driver
[    1.351139] i8042: PNP: PS/2 Controller [PNP0303:PS2K,PNP0f03:PS2M] at 0x60,0x64 irq 1,12
[    1.355588] serio: i8042 KBD port at 0x60,0x64 irq 1
[    1.357478] serio: i8042 AUX port at 0x60,0x64 irq 12
[    1.359379] mousedev: PS/2 mouse device common for all mice
[    1.362064] input: AT Translated Set 2 keyboard as /devices/platform/i8042/serio0/input/input2
[    1.366333] rtc_cmos rtc_cmos: rtc core: registered rtc_cmos as rtc0
[    1.369946] rtc_cmos rtc_cmos: alarms up to one day, 114 bytes nvram
[    1.372331] i2c /dev entries driver
[    1.373770] device-mapper: uevent: version 1.0.3
[    1.375502] device-mapper: ioctl: 4.34.0-ioctl (2015-10-28) initialised: dm-devel@redhat.com
[    1.378520] ledtrig-cpu: registered to indicate activity on CPUs
[    1.380910] NET: Registered protocol family 10
[    1.382775] NET: Registered protocol family 17
[    1.384430] Key type dns_resolver registered
[    1.386251] registered taskstats version 1
[    1.387742] Loading compiled-in X.509 certificates
[    1.389936] Loaded X.509 cert 'Build time autogenerated kernel key: cf00e047681d67edb2720680708b7d9498083038'
[    1.393447] zswap: loaded using pool lzo/zbud
[    1.396207] Key type trusted registered
[    1.399458] Key type encrypted registered
[    1.400956] AppArmor: AppArmor sha1 policy hashing enabled
[    1.402963] ima: No TPM chip found, activating TPM-bypass!
[    1.404881] ima: Allocated hash algorithm: sha1
[    1.406600] evm: HMAC attrs: 0x1
[    1.408101]   Magic number: 15:421:636
[    1.409679] power_supply AC: hash matches
[    1.411269] rtc_cmos rtc_cmos: setting system clock to 2023-03-05 14:37:01 UTC (1678027021)
[    1.414254] BIOS EDD facility v0.16 2004-Jun-25, 0 devices found
[    1.416343] EDD information not available.
[    1.516349] Freeing unused kernel memory: 1492K
[    1.518052] Write protecting the kernel read-only data: 14336k
[    1.520288] Freeing unused kernel memory: 1584K
[    1.522021] Freeing unused kernel memory: 52K
Loading, please wait...
starting version 229
[    1.532360] random: udevadm: uninitialized urandom read (16 bytes read, 3 bits of entropy available)
[    1.535997] random: systemd-udevd: uninitialized urandom read (16 bytes read, 3 bits of entropy available)
[    1.539726] random: systemd-udevd: uninitialized urandom read (16 bytes read, 3 bits of entropy available)
[    1.543220] random: udevadm: uninitialized urandom read (16 bytes read, 3 bits of entropy available)
[    1.546526] random: systemd-udevd: uninitialized urandom read (16 bytes read, 3 bits of entropy available)
[    1.556878] random: systemd-udevd: uninitialized urandom read (16 bytes read, 3 bits of entropy available)
[    1.561341] random: udevadm: uninitialized urandom read (16 bytes read, 3 bits of entropy available)
[    1.564671] random: udevadm: uninitialized urandom read (16 bytes read, 3 bits of entropy available)
[    1.568416] random: systemd-udevd: uninitialized urandom read (16 bytes read, 3 bits of entropy available)
[    1.571891] random: systemd-udevd: uninitialized urandom read (16 bytes read, 3 bits of entropy available)
[    1.615171] e1000: Intel(R) PRO/1000 Network Driver - version 7.3.21-k8-NAPI
[    1.617746] e1000: Copyright (c) 1999-2006 Intel Corporation.
[    1.623603] Fusion MPT base driver 3.04.20
[    1.625524] Copyright (c) 1999-2008 LSI Corporation
[    1.645084] Fusion MPT SPI Host driver 3.04.20
[    1.663543] SSE version of gcm_enc/dec engaged.
[    1.850156] input: ImExPS/2 Generic Explorer Mouse as /devices/platform/i8042/serio1/input/input4
[    2.103284] e1000 0000:00:03.0 eth0: (PCI:33MHz:32-bit) 02:be:82:6b:cc:1d
[    2.105804] e1000 0000:00:03.0 eth0: Intel(R) PRO/1000 Network Connection
[    2.108630] mptbase: ioc0: Initiating bringup
[    2.182531] ioc0: LSI53C1030 A0: Capabilities={Initiator}
[    2.348528] scsi host2: ioc0: LSI53C1030 A0, FwRev=00000000h, Ports=1, MaxQ=256, IRQ=20
[    2.463490] scsi 2:0:0:0: Direct-Access     VBOX     HARDDISK         1.0  PQ: 0 ANSI: 5
[    2.466454] scsi target2:0:0: Beginning Domain Validation
[    2.470705] scsi target2:0:0: Domain Validation skipping write tests
[    2.473326] scsi target2:0:0: Ending Domain Validation
[    2.475315] scsi target2:0:0: asynchronous
[    2.477646] scsi 2:0:1:0: Direct-Access     VBOX     HARDDISK         1.0  PQ: 0 ANSI: 5
[    2.480464] scsi target2:0:1: Beginning Domain Validation
[    2.485217] scsi target2:0:1: Domain Validation skipping write tests
[    2.487422] scsi target2:0:1: Ending Domain Validation
[    2.494570] scsi target2:0:1: asynchronous
[    2.625804] sd 2:0:0:0: Attached scsi generic sg0 type 0
[    2.627725] sd 2:0:0:0: [sda] 83886080 512-byte logical blocks: (42.9 GB/40.0 GiB)
[    2.632250] sd 2:0:1:0: [sdb] 20480 512-byte logical blocks: (10.5 MB/10.0 MiB)
[    2.634945] sd 2:0:1:0: Attached scsi generic sg1 type 0
[    2.637359] sd 2:0:1:0: [sdb] Write Protect is off
[    2.639529] sd 2:0:0:0: [sda] Write Protect is off
[    2.641490] sd 2:0:1:0: [sdb] Incomplete mode parameter data
[    2.643600] sd 2:0:1:0: [sdb] Assuming drive cache: write through
[    2.645929] sd 2:0:0:0: [sda] Incomplete mode parameter data
[    2.647900] sd 2:0:0:0: [sda] Assuming drive cache: write through
[    2.664420] sd 2:0:1:0: [sdb] Attached SCSI disk
[    2.666747]  sda: sda1
[    2.668525] sd 2:0:0:0: [sda] Attached SCSI disk
[    2.947497] e1000 0000:00:08.0 eth1: (PCI:33MHz:32-bit) 08:00:27:77:6d:84
[    2.949935] e1000 0000:00:08.0 eth1: Intel(R) PRO/1000 Network Connection
[    2.953021] e1000 0000:00:08.0 enp0s8: renamed from eth1
[    2.956265] e1000 0000:00:03.0 enp0s3: renamed from eth0
Begin: Loading essential drivers ... [    4.211081] md: linear personality registered for level -1
[    4.214864] md: multipath personality registered for level -4
[    4.218555] md: raid0 personality registered for level 0
[    4.223924] md: raid1 personality registered for level 1
[    4.294742] raid6: sse2x1   gen()  8572 MB/s
[    4.378240] raid6: sse2x1   xor() 16408 MB/s
[    4.453085] raid6: sse2x2   gen() 16122 MB/s
[    4.525264] raid6: sse2x2   xor() 18561 MB/s
[    4.610560] raid6: sse2x4   gen() 26707 MB/s
[    4.685101] raid6: sse2x4   xor() 12916 MB/s
[    4.686788] raid6: using algorithm sse2x4 gen() 26707 MB/s
[    4.689134] raid6: .... xor() 12916 MB/s, rmw enabled
[    4.690979] raid6: using ssse3x2 recovery algorithm
[    4.694661] xor: measuring software checksum speed
[    4.801284]    prefetch64-sse: 56670.000 MB/sec
[    4.906510]    generic_sse: 53810.000 MB/sec
[    4.909139] xor: using function: prefetch64-sse (56670.000 MB/sec)
[    4.912560] async_tx: api initialized (async)
[    4.926186] md: raid6 personality registered for level 6
[    4.928207] md: raid5 personality registered for level 5
[    4.930142] md: raid4 personality registered for level 4
[    4.937502] md: raid10 personality registered for level 10
done.
Begin: Running /scripts/init-premount ... done.
Begin: Mounting root file system ... Begin: Running /scripts/local-top ... done.
Begin: Running /scripts/local-premount ... [    4.977491] Btrfs loaded
Scanning for Btrfs filesystems
done.
Warning: fsck not present, so skipping root file system
[    5.002365] EXT4-fs (sda1): mounted filesystem with ordered data mode. Opts: (null)
done.
Begin: Running /scripts/local-bottom ... done.
Begin: Running /scripts/init-bottom ... done.
[    5.082257] systemd[1]: systemd 229 running in system mode. (+PAM +AUDIT +SELINUX +IMA +APPARMOR +SMACK +SYSVINIT +UTMP +LIBCRYPTSETUP +GCRYPT +GNUTLS +ACL +XZ -LZ4 +SECCOMP +BLKID +ELFUTILS +KMOD -IDN)
[    5.088594] systemd[1]: Detected virtualization oracle.
[    5.090943] systemd[1]: Detected architecture x86-64.

Welcome to [1mUbuntu 16.04.7 LTS[0m!

[    5.097950] systemd[1]: Set hostname to <ubuntu>.
[    5.102620] systemd[1]: Initializing machine ID from random generator.
[    5.104970] systemd[1]: Installed transient /etc/machine-id file.
[    5.214012] systemd[1]: Reached target Encrypted Volumes.
[[0;32m  OK  [0m] Reached target Encrypted Volumes.
[    5.218410] systemd[1]: Listening on Journal Audit Socket.
[[0;32m  OK  [0m] Listening on Journal Audit Socket.
[    5.222777] systemd[1]: Reached target Swap.
[[0;32m  OK  [0m] Reached target Swap.
[    5.226787] systemd[1]: Set up automount Arbitrary Executable File Formats File System Automount Point.
[[0;32m  OK  [0m] Set up automount Arbitrary Executab...ats File System Automount Point.
[    5.232752] systemd[1]: Listening on fsck to fsckd communication Socket.
[[0;32m  OK  [0m] Listening on fsck to fsckd communication Socket.
[    5.238071] systemd[1]: Listening on Syslog Socket.
[[0;32m  OK  [0m] Listening on Syslog Socket.
[    5.242107] systemd[1]: Reached target System Time Synchronized.
[[0;32m  OK  [0m] Reached target System Time Synchronized.
[    5.246785] systemd[1]: Listening on Device-mapper event daemon FIFOs.
[[0;32m  OK  [0m] Listening on Device-mapper event daemon FIFOs.
[    5.251700] systemd[1]: Created slice User and Session Slice.
[[0;32m  OK  [0m] Created slice User and Session Slice.
[    5.256329] systemd[1]: Listening on udev Kernel Socket.
[[0;32m  OK  [0m] Listening on udev Kernel Socket.
[    5.260560] systemd[1]: Listening on Journal Socket.
[[0;32m  OK  [0m] Listening on Journal Socket.
[    5.264741] systemd[1]: Started Forward Password Requests to Wall Directory Watch.
[[0;32m  OK  [0m] Started Forward Password Requests to Wall Directory Watch.
[    5.270378] systemd[1]: Listening on /dev/initctl Compatibility Named Pipe.
[[0;32m  OK  [0m] Listening on /dev/initctl Compatibility Named Pipe.
[    5.275487] systemd[1]: Listening on udev Control Socket.
[[0;32m  OK  [0m] Listening on udev Control Socket.
[    5.279730] systemd[1]: Started Trigger resolvconf update for networkd DNS.
[[0;32m  OK  [0m] Started Trigger resolvconf update for networkd DNS.
[    5.284738] systemd[1]: Created slice System Slice.
[[0;32m  OK  [0m] Created slice System Slice.
[    5.290180] systemd[1]: Starting Load Kernel Modules...
         Starting Load Kernel Modules...
[    5.298606] systemd[1]: Mounting POSIX Message Queue File System...
[    5.307215] Loading iSCSI transport class v2.0-870.
         Mounting POSIX Message Queue File System...
[    5.311033] systemd[1]: Starting Set console keymap...
         Starting Set console keymap...
[    5.320689] systemd[1]: Mounting Huge Pages File System...
         Mounting Huge Pages File System...
[    5.337993] systemd[1]: Mounting Debug File System...
         Mounting Debug File System...
[    5.344185] systemd[1]: Starting Create list of required static device nodes for the current kernel...
[    5.348145] iscsi: registered transport (tcp)
         Starting Create list of required st... nodes for the current kernel...
[    5.354794] systemd[1]: Reached target Slices.
[[0;32m  OK  [0m] Reached target Slices.
[    5.368594] systemd[1]: Created slice system-serial\x2dgetty.slice.
[[0;32m  OK  [0m] Created slice system-serial\x2dgetty.slice.
[    5.373698] systemd[1]: Listening on LVM2 metadata daemon socket.
[[0;32m  OK  [0m] Listening on LVM2 metadata daemon socket.
[    5.383177] systemd[1]: Starting Monitoring of LVM2 mirrors, snapshots etc. using dmeventd or progress polling...
         Starting Monitoring of LVM2 mirrors... dmeventd or progress polling...
[    5.396572] systemd[1]: Starting Nameserver information manager...
         Starting Nameserver information manager...
[    5.405507] systemd[1]: Reached target User and Group Name Lookups.
[[0;32m  OK  [0m] Reached target User and Group Name Lookups.
[    5.411530] systemd[1]: Listening on Journal Socket (/dev/log).
[[0;32m  OK  [0m] Listening on Journal Socket (/dev/log).
[    5.419463] iscsi: registered transport (iser)
[    5.421369] systemd[1]: Starting Journal Service...
         Starting Journal Service...
[    5.428152] systemd[1]: Starting File System Check on Root Device...
         Starting File System Check on Root Device...
[    5.442660] systemd[1]: Starting Uncomplicated firewall...
         Starting Uncomplicated firewall...
[    5.449347] systemd[1]: Listening on LVM2 poll daemon socket.
[[0;32m  OK  [0m] Listening on LVM2 poll daemon socket.[    5.453339] random: nonblocking pool is initialized

[    5.459750] systemd[1]: Mounted Huge Pages File System.
[[0;32m  OK  [0m] Mounted Huge Pages File System.
[    5.464682] systemd[1]: Mounted POSIX Message Queue File System.
[[0;32m  OK  [0m] Mounted POSIX Message Queue File System.
[    5.469670] systemd[1]: Mounted Debug File System.
[[0;32m  OK  [0m] Mounted Debug File System.
[    5.473801] systemd[1]: Started Journal Service.
[[0;32m  OK  [0m] Started Journal Service.
[[0;32m  OK  [0m] Started Load Kernel Modules.
[[0;32m  OK  [0m] Started Set console keymap.
[[0;32m  OK  [0m] Started Create list of required sta...ce nodes for the current kernel.
[[0;32m  OK  [0m] Started File System Check on Root Device.
[[0;32m  OK  [0m] Started Uncomplicated firewall.
[[0;32m  OK  [0m] Started Nameserver information manager.
[[0;32m  OK  [0m] Started LVM2 metadata daemon.
[[0;32m  OK  [0m] Started File System Check Daemon to report status.
         Starting Remount Root and Kernel File Systems...
[    5.531574] EXT4-fs (sda1): re-mounted. Opts: (null)
         Starting Create Static Device Nodes in /dev...
         Mounting FUSE Control File System...
         Starting Apply Kernel Variables...
[[0;32m  OK  [0m] Mounted FUSE Control File System.
[[0;32m  OK  [0m] Started Remount Root and Kernel File Systems.
[[0;32m  OK  [0m] Started Create Static Device Nodes in /dev.
[[0;32m  OK  [0m] Started Apply Kernel Variables.
         Starting udev Kernel Device Manager...
         Starting udev Coldplug all Devices...
         Starting Flush Journal to Persistent Storage...
         Starting Load/Save Random Seed...
[[0;32m  OK  [0m] Started Load/Save Random Seed.
[[0;32m  OK  [0m] Started Flush Journal to Persistent Storage.
[[0;32m  OK  [0m] Started udev Kernel Device Manager.
[[0;32m  OK  [0m] Started udev Coldplug all Devices.
[[0;32m  OK  [0m] Started Dispatch Password Requests to Console Directory Watch.
[[0;32m  OK  [0m] Found device /dev/ttyS0.
[[0;32m  OK  [0m] Started Monitoring of LVM2 mirrors,...ng dmeventd or progress polling.
[[0;32m  OK  [0m] Reached target Local File Systems (Pre).
[[0;32m  OK  [0m] Reached target Local File Systems.
         Starting Initial cloud-init job (pre-networking)...
         Starting Commit a transient machine-id on disk...
         Starting Create Volatile Files and Directories...
         Starting Tell Plymouth To Write Out Runtime Data...
         Starting LSB: AppArmor initialization...
         Starting Set console font and keymap...
[[0;32m  OK  [0m] Started Commit a transient machine-id on disk.
[[0;32m  OK  [0m] Started Create Volatile Files and Directories.
[[0;32m  OK  [0m] Started Tell Plymouth To Write Out Runtime Data.
         Starting Update UTMP about System Boot/Shutdown...
[[0;32m  OK  [0m] Started Update UTMP about System Boot/Shutdown.
[[0;32m  OK  [0m] Listening on Load/Save RF Kill Switch Status /dev/rfkill Watch.
[[0;32m  OK  [0m] Started Initial cloud-init job (pre-networking).
[[0;32m  OK  [0m] Reached target Network (Pre).
[    6.605038] cloud-init[499]: Cloud-init v. 21.1-19-gbad84ad4-0ubuntu1~16.04.2 running 'init-local' at Sun, 05 Mar 2023 14:37:06 +0000. Up 6.25 seconds.
[[0;32m  OK  [0m] Started LSB: AppArmor initialization.
         Starting Load AppArmor profiles managed internally by snapd...
         Starting Raise network interfaces...
[[0;32m  OK  [0m] Started Load AppArmor profiles managed internally by snapd.
[[0;32m  OK  [0m] Started Set console font and keymap.
[[0;32m  OK  [0m] Created slice system-getty.slice.
[[0;32m  OK  [0m] Started Raise network interfaces.
         Starting Initial cloud-init job (metadata service crawler)...
[[0;32m  OK  [0m] Reached target Network.
[    7.588216] cloud-init[966]: Cloud-init v. 21.1-19-gbad84ad4-0ubuntu1~16.04.2 running 'init' at Sun, 05 Mar 2023 14:37:07 +0000. Up 7.34 seconds.
[    7.595333] cloud-init[966]: ci-info: ++++++++++++++++++++++++++++++++++++++Net device info+++++++++++++++++++++++++++++++++++++++
[    7.605765] cloud-init[966]: ci-info: +--------+-------+----------------------------+---------------+--------+-------------------+
[    7.608976] cloud-init[966]: ci-info: | Device |   Up  |          Address           |      Mask     | Scope  |     Hw-Address    |
[    7.624560] cloud-init[966]: ci-info: +--------+-------+----------------------------+---------------+--------+-------------------+
[    7.628701] cloud-init[966]: ci-info: | enp0s3 |  True |         10.0.2.15          | 255.255.255.0 | global | 02:be:82:6b:cc:1d |
[    7.631880] cloud-init[966]: ci-info: | enp0s3 |  True | fe80::be:82ff:fe6b:cc1d/64 |       .       |  link  | 02:be:82:6b:cc:1d |
[    7.635009] cloud-init[[0;32m  OK  [0m] Started Initial cloud-init job (metadata service crawler).
[[0;32m  OK  [0m] Reached target Cloud-config availability.
[966]: ci-info: | enp0s8 | False |             .              |       .       |   .    | 08:00:27:77:6d:84 |
[    7.642311] cloud-init[966]: ci-info: |   lo   |  True |         127.0.0.1          |   255.0.0.0   |  host  |         .         |[[0;32m  OK  [0m] Reached target Network is Online.
         Starting iSCSI initiator daemon (iscsid)...
[
[    7.649017] cloud-init[966]: ci-info: |   lo   |  True |          ::1/128           |       .       |  host  |         .         |
[    7.651454] cloud-init[0;32m  OK  [0m] Reached target System Initialization.
[[0;32m  OK  [0m] Listening on ACPID Listen Socket.
[[0;32m  OK  [0m] [966]: ci-info: +--------+-------+----------------------------+---------------+--------+-------------------+Started Daily Cleanup of Temporary Directories.
[[0;32m  OK  [0m
] Started Message of the Day.
[[0;32m  OK  [0m] Started ACPI Events Check.
[[0;32m  OK  [0m] Reached target Paths.
         Starting Socket activation for snappy daemon.
[    7.665024] cloud-init[966]: ci-info: +++++++++++++++++++++++++++Route IPv4 info++++++++++++++++++++++++++++
[    7.674115] cloud-init[966]: ci-info: +-------+-------------+----------+---------------+-----------+-------+         Starting LXD - unix socket.
[[0;32m  OK  [0m] Started Ubuntu Advantage update messaging.
[[0;32m  OK  [0m
[    7.680442] cloud-init[966]: ci-info: | Route | Destination | Gateway  |    Genmask    | Interface | Flags |
[    7.682851] cloud-init[966]: ci-info: +-------+-------------+----------+---------------+-----------+-------+] Started Daily apt download activities.
[[0;32m  OK  [0m] Started Daily apt upgrade and clean activities.
[
[    7.688571] cloud-init[966]: ci-info: |   0   |   0.0.0.0   | 10.0.2.2 |    0.0.0.0    |   enp0s3  |   UG  |
[    7.690694] cloud-init[966]: ci-info: |   1   |   10.0.2.0  | 0.0.0.0  | 255.255.255.0 |   enp0s3  |   U   |[0;32m  OK  [0m] Reached target Timers.
[[0;32m  OK  [0m] Listening on D-Bus System Message Bus Socket.
[[0;32m  OK  [0m] Listening on UUID daemon activation socket.

[    7.698150] cloud-init[966]: ci-info: +-------+-------------+----------+---------------+-----------+-------+[[0;32m  OK  [0m] Listening on Socket activation for snappy daemon.
[[0;32m  OK  [0m] Listening on LXD - unix socket.
[
[    7.705032] cloud-init[966]: ci-info: +++++++++++++++++++Route IPv6 info+++++++++++++++++++
[    7.707082] cloud-init[966]: [0;32m  OK  [0m] Reached target Sockets.
[[0;32m  OK  [0m] Reached target Basic System.
ci-info: +-------+-------------+---------+-----------+-------+
[[0;32m  OK  [0m] Started D-Bus System Message Bus.
[    7.716520] cloud-init[966]: ci-info: | Route | Destination | Gateway | Interface | Flags |
[    7.722431] cloud-init[966]: ci-info: +-------+-------------+---------+-----------+-------+
[    7.728730] cloud-init[966]: ci-info: |   0   |  fe80::/64  |    ::   |   enp0s3  |   U   |
[    7.733455] cloud-init[966]: ci-info: |   3   |   ff00::/8  |    ::   |   enp0s3  |   U   |
[    7.737800] cloud-init[966]: ci-info: +-------+-------------+---------+-----------+-------+
[    7.741893] cloud-init[966]: [[0;32m  OK  [0m] Started Regular background program processing daemon.
         Starting Login Service...Generating public/private rsa key pair.
[    7.749090] cloud-init[966]: Your identification has been saved in /etc/ssh/ssh_host_rsa_key.
[    7.751143] cloud-init[966]: 
         Starting LXD - container startup/shutdown...
         Starting Pollinate to seed the pseudo random number generator...
[[0;32m  OK  [0m] Started Deferred execution scheduler.
         Starting LSB: Record successful boot for GRUB...
         Starting Virtualbox guest utils...
         Starting LSB: MD monitoring daemon...
[[0;32m  OK  [0m] Started ACPI event daemon.
[[0;32m  OK  [0m] Started FUSE filesystem for LXC.
         Starting Snap Daemon...
         Starting System Logging Service...
         Starting Accounts Service...
         Starting /etc/rc.local Compatibility...
[[0;32m  OK  [0m] Started iSCSI initiator daemon (iscsid).
[[0;32m  OK  [0m] Started /etc/rc.local Compatibility.
         Starting Login to default iSCSI targets...
[[0;32m  OK  [0m] Started Login to default iSCSI targets.
[[0;32m  OK  [0m] Reached target Remote File Systems (Pre).
[[0;32m  OK  [0m] Reached target Remote File Systems.
         Starting LSB: Set the CPU Frequency Scaling governor to "ondemand"...Your public key has been saved in /etc/ssh/ssh_host_rsa_key.pub.
         Starting LSB: daemon to balance interrupts for SMP systems...
         Starting LSB: automatic crash report generation...
         Starting Permit User Sessions...
[[0;32m  OK  [0m] Started Permit User Sessions.
[[0;32m  OK  [0m] Started System Logging Service.
[[0;32m  OK  [0m] Started Login Service.

[[0;32m  OK  [0m] Started Unattended Upgrades Shutdown.
[    7.907392]          Starting Terminate Plymouth Boot Screen...
         Starting Hold until boot process finishes up...
[[0;32m  OK  [0m] Started LSB: Set the CPU Frequency Scaling governor to "ondemand".
[[0;32m  OK  [0m] Started Hold until boot process finishes up.
[[0;32m  OK  [0m] Started Terminate Plymouth Boot Screen.
[[0;32m  OK  [0m] Started Getty on tty1.
[[0;32m  OK  [0m] Started Serial Getty on ttyS0.
[[0;32m  OK  [0m] Reached target Login Prompts.
         Starting Set console scheme...
[[0;32m  OK  [0m] Started Set console scheme.
cloud-init[966]: The key fingerprint is:
[[0;32m  OK  [0m] Started LSB: MD monitoring daemon.
[[0;32m  OK  [0m] Started LSB: daemon to balance interrupts for SMP systems.
[[0;32m  OK  [0m] Started LSB: Record successful boot for GRUB.[    7.992543] cloud-init
[966]: SHA256:jYW12Wdz3HyVwZT0BYUhsUaynW4MyYDULyMjonF2O7c root@ubuntu-xenial
[    8.017526] cloud-init[966]: The key's randomart image is:
[[0;32m  OK  [0m] Started LSB: automatic crash report generation.
         Starting Authenticate and Authorize Users to Run Privileged Tasks...
[    8.039915] cloud-init[966]: +---[RSA 2048]----+
[[0;32m  OK  [0m] Started Authenticate and Authorize Users to Run Privileged Tasks.
[[0;32m  OK  [0m] Started Accounts Service.
[    8.072262] cloud-init[966]: |     ..o. o +.*OB|
[    8.078730] cloud-init[966]: |      . .= X +.*=|
[    8.096339] cloud-init[966]: |        ..O * + B|
[[0;32m  OK  [0m] Started LXD - container startup/shutdown.
[    8.117800] cloud-init[966]: |. + o o o+.= o o.|
[    8.127832] cloud-init[966]: | = o o oSo. +    |
[    8.149323] cloud-init[966]: |.   o .    .     |
[    8.165574] cloud-init[966]: |     o .         |
[[0;32m  OK  [0m] Started Virtualbox guest utils.
[    8.184438] cloud-init[966]: |      E          |
[    8.195198] cloud-init[966]: |                 |
[    8.206111] cloud-init[966]: +----[SHA256]-----+
[    8.213065] cloud-init[966]: Generating public/private dsa key pair.
[    8.215761] cloud-init[966]: Your identification has been saved in /etc/ssh/ssh_host_dsa_key.
[    8.221188] cloud-init[966]: Your public key has been saved in /etc/ssh/ssh_host_dsa_key.pub.
[    8.235508] cloud-init[966]: The key fingerprint is:
[    8.240627] cloud-init[966]: SHA256:Pe6o31lMvepSKRs8cd1WtC9wfYonP9zhygWoL2U7+uw root@ubuntu-xenial
[    8.254192] cloud-init[966]: The key's randomart image is:
[    8.262030] cloud-init[966]: +---[DSA 1024]----+
[    8.273630] cloud-init[966]: |               ..|
[    8.277206] cloud-init[966]: |               .o|
[    8.281293] cloud-init[966]: |            ...o+|
[    8.286490] cloud-init[966]: |         .. o=..=|
[    8.297840] cloud-init[966]: |        S.o++o=o.|
[    8.312704] cloud-init[966]: |         .**o=o+.|
[    8.322393] cloud-init[966]: |         .+*+ =o.|
[    8.332014] cloud-init[966]: |         ===..o. |
[    8.336533] cloud-init[966]: |      .oo.OE+o   |
[    8.340609] cloud-init[966]: +----[SHA256]-----+
[[0;32m  OK  [0m] Started Snap Daemon.
         Starting Wait until snapd is fully seeded...[    8.350318] cloud-init[966]: Generating public/private ecdsa key pair.

[    8.367008] cloud-init[966]: Your identification has been saved in /etc/ssh/ssh_host_ecdsa_key.
[    8.374467] cloud-init[966]: Your public key has been saved in /etc/ssh/ssh_host_ecdsa_key.pub.
[    8.383349] cloud-init[966]: The key fingerprint is:
[    8.404492] cloud-init[966]: SHA256:d3QtbEZwNKNIGG19rI2BUW6FFTsqhkNOYfBKSlINSo8 root@ubuntu-xenial
[    8.407991] cloud-init[966]: The key's randomart image is:
[    8.411191] cloud-init[966]: +---[ECDSA 256]---+
[    8.417061] cloud-init[966]: |  . oo..++o=o*X. |
[    8.421120] cloud-init[966]: | . =  .o.o+o+*o= |
[    8.423559] cloud-init[966]: |  E o . +.. =*O .|
[    8.431837] cloud-init[966]: |   o o = . oo=.o |
[    8.435362] cloud-init[966]: |    . . S + o    |
[    8.443925] cloud-init[966]: |         + o     |
[    8.447868] cloud-init[966]: |                 |
[    8.457838] cloud-init[966]: |                 |
[    8.462266] cloud-init[966]: |                 |
[    8.467787] cloud-init[966]: +----[SHA256]-----+
[    8.477058] cloud-init[966]: Generating public/private ed25519 key pair.
[    8.486855] cloud-init[966]: Your identification has been saved in /etc/ssh/ssh_host_ed25519_key.
[    8.496068] cloud-init[966]: Your public key has been saved in /etc/ssh/ssh_host_ed25519_key.pub.
[    8.501012] cloud-init[966]: The key fingerprint is:
[    8.508378] cloud-init[966]: SHA256:acFz1tGh0aI/R38avwWX7MtbKr9LzPlYahK8IFFaf+I root@ubuntu-xenial
[    8.511225] cloud-init[966]: The key's randomart image is:
[    8.525381] cloud-init[966]: +--[ED25519 256]--+
[    8.531401] cloud-init[966]: |            oo.. |
[    8.534570] cloud-init[966]: |       .  o..+o  |
[    8.545528] cloud-init[966]: |        ++ooo.   |
[    8.549426] cloud-init[966]: |        o*. o + .|
[    8.557159] cloud-init[966]: |        S. + +.+.|
[    8.559632] cloud-init[966]: |       .. . Eo++o|
[    8.567597] cloud-init[966]: |         . . ====|
[    8.576696] cloud-init[966]: |            +.+*=|
[[0;32m  OK  [0m] Started Pollinate to seed the pseudo random number generator.
[    8.595102] cloud-init[966]: |             =BB+|
         Starting OpenBSD Secure Shell server...
[    8.600572] cloud-init[966]: +----[SHA256]-----+
[[0;32m  OK  [0m] Started OpenBSD Secure Shell server.
[[0;32m  OK  [0m] Started Wait until snapd is fully seeded.
         Starting Apply the settings specified in cloud-config...
[[0;32m  OK  [0m] Reached target Multi-User System.
[[0;32m  OK  [0m] Reached target Graphical Interface.
         Starting Update UTMP about System Runlevel Changes...
[[0;32m  OK  [0m] Started Update UTMP about System Runlevel Changes.
[    9.652053] cloud-init[1317]: Generating locales (this might take a while)...
[   10.134754] cloud-init[1317]:   en_US.UTF-8... done
[   10.138060] cloud-init[1317]: Generation complete.
[   10.306107] cloud-init[1317]: Cloud-init v. 21.1-19-gbad84ad4-0ubuntu1~16.04.2 running 'modules:config' at Sun, 05 Mar 2023 14:37:10 +0000. Up 9.59 seconds.
[[0;32m  OK  [0m] Started Apply the settings specified in cloud-config.
         Starting Execute cloud user/final scripts...
ci-info: no authorized SSH keys fingerprints found for user ubuntu.
<14>Mar  5 14:37:11 ec2: 
<14>Mar  5 14:37:11 ec2: #############################################################
<14>Mar  5 14:37:11 ec2: -----BEGIN SSH HOST KEY FINGERPRINTS-----
<14>Mar  5 14:37:11 ec2: 1024 SHA256:Pe6o31lMvepSKRs8cd1WtC9wfYonP9zhygWoL2U7+uw root@ubuntu-xenial (DSA)
<14>Mar  5 14:37:11 ec2: 256 SHA256:d3QtbEZwNKNIGG19rI2BUW6FFTsqhkNOYfBKSlINSo8 root@ubuntu-xenial (ECDSA)
<14>Mar  5 14:37:11 ec2: 256 SHA256:acFz1tGh0aI/R38avwWX7MtbKr9LzPlYahK8IFFaf+I root@ubuntu-xenial (ED25519)
<14>Mar  5 14:37:11 ec2: 2048 SHA256:jYW12Wdz3HyVwZT0BYUhsUaynW4MyYDULyMjonF2O7c root@ubuntu-xenial (RSA)
<14>Mar  5 14:37:11 ec2: -----END SSH HOST KEY FINGERPRINTS-----
<14>Mar  5 14:37:11 ec2: #############################################################
-----BEGIN SSH HOST KEY KEYS-----
ecdsa-sha2-nistp256 AAAAE2VjZHNhLXNoYTItbmlzdHAyNTYAAAAIbmlzdHAyNTYAAABBBPdBrpq2Dd54kFl6A8oUICSC4SlHNZ86Aqck6/IryzSOmll8uSdWSYFapAPi/pXsGSwPrinaqyJvFOh6T743Mq8= root@ubuntu-xenial
ssh-ed25519 AAAAC3NzaC1lZDI1NTE5AAAAIOcT2AcsjKmvicIf7n85VLjU/GrkJlvLTpp7bRKWMqgl root@ubuntu-xenial
ssh-rsa AAAAB3NzaC1yc2EAAAADAQABAAABAQDrM4DJxdYX29G9N8au/2G0G2Eza5kTC+wmtYu4TvD+QKfq4zt1cvhC8Sf2i3OwKTitcab8r8qj/jHnTZcGHxSrpLAMRH05D45UuKBUw4e1he8YbPlbGncOJw2Nd0gXpQM9y66AeFaRETZv6gPMA5fNaGnECR+GKTT+tJVgkJTojnq4RGdhG1yyrUGX62F/6yltpQuGlul/cY66qzKsTsLy2/uSqXGSBZDvgyObQ+2Dj86tjoOgwa7pFBPFS2yIP+aCM4zOUxWE23zg+1EFGaJOadwX5ABF41KzZ7uFpE9R49M2wN+HB78RBa3fMbnSvZq3JwvZbH3jnD+6y0cNgo7X root@ubuntu-xenial
-----END SSH HOST KEY KEYS-----
[   10.551554] cloud-init[1361]: Cloud-init v. 21.1-19-gbad84ad4-0ubuntu1~16.04.2 running 'modules:final' at Sun, 05 Mar 2023 14:37:11 +0000. Up 10.46 seconds.
[   10.564174] cloud-init[1361]: ci-info: no authorized SSH keys fingerprints found for user ubuntu.
[   10.567371] cloud-init[1361]: Cloud-init v. 21.1-19-gbad84ad4-0ubuntu1~16.04.2 finished at Sun, 05 Mar 2023 14:37:11 +0000. Datasource DataSourceNoCloud [seed=/dev/sdb][dsmode=net].  Up 10.54 seconds
[[0;32m  OK  [0m] Started Execute cloud user/final scripts.
[[0;32m  OK  [0m] Reached target Cloud-init target.

Ubuntu 16.04.7 LTS ubuntu-xenial ttyS0

ubuntu-xenial login: 