[    0.000000] Initializing cgroup subsys cpuset
[    0.000000] Initializing cgroup subsys cpu
[    0.000000] Initializing cgroup subsys cpuacct
[    0.000000] Linux version 4.4.0-210-generic (buildd@lgw01-amd64-009) (gcc version 5.4.0 20160609 (Ubuntu 5.4.0-6ubuntu1~16.04.12) ) #242-Ubuntu SMP Fri Apr 16 09:57:56 UTC 2021 (Ubuntu 4.4.0-210.242-generic 4.4.262)
[    0.000000] Command line: BOOT_IMAGE=/boot/vmlinuz-4.4.0-210-generic root=LABEL=cloudimg-rootfs ro console=tty1 console=ttyS0
[    0.000000] KERNEL supported cpus:
[    0.000000]   Intel GenuineIntel
[    0.000000]   AMD AuthenticAMD
[    0.000000]   Centaur CentaurHauls
[    0.000000] [Firmware Bug]: TSC doesn't count with P0 frequency!
[    0.000000] x86/fpu: Legacy x87 FPU detected.
[    0.000000] e820: BIOS-provided physical RAM map:
[    0.000000] BIOS-e820: [mem 0x0000000000000000-0x000000000009fbff] usable
[    0.000000] BIOS-e820: [mem 0x000000000009fc00-0x000000000009ffff] reserved
[    0.000000] BIOS-e820: [mem 0x00000000000f0000-0x00000000000fffff] reserved
[    0.000000] BIOS-e820: [mem 0x0000000000100000-0x000000003ffeffff] usable
[    0.000000] BIOS-e820: [mem 0x000000003fff0000-0x000000003fffffff] ACPI data
[    0.000000] BIOS-e820: [mem 0x00000000fec00000-0x00000000fec00fff] reserved
[    0.000000] BIOS-e820: [mem 0x00000000fee00000-0x00000000fee00fff] reserved
[    0.000000] BIOS-e820: [mem 0x00000000fffc0000-0x00000000ffffffff] reserved
[    0.000000] NX (Execute Disable) protection: active
[    0.000000] SMBIOS 2.5 present.
[    0.000000] Hypervisor detected: KVM
[    0.000000] Kernel/User page tables isolation: disabled
[    0.000000] e820: last_pfn = 0x3fff0 max_arch_pfn = 0x400000000
[    0.000000] MTRR: Disabled
[    0.000000] x86/PAT: MTRRs disabled, skipping PAT initialization too.
[    0.000000] CPU MTRRs all blank - virtualized system.
[    0.000000] x86/PAT: Configuration [0-7]: WB  WT  UC- UC  WB  WT  UC- UC  
[    0.000000] found SMP MP-table at [mem 0x0009fff0-0x0009ffff] mapped at [ffff88000009fff0]
[    0.000000] Scanning 1 areas for low memory corruption
[    0.000000] RAMDISK: [mem 0x362dc000-0x37165fff]
[    0.000000] ACPI: Early table checksum verification disabled
[    0.000000] ACPI: RSDP 0x00000000000E0000 000024 (v02 VBOX  )
[    0.000000] ACPI: XSDT 0x000000003FFF0030 00003C (v01 VBOX   VBOXXSDT 00000001 ASL  00000061)
[    0.000000] ACPI: FACP 0x000000003FFF00F0 0000F4 (v04 VBOX   VBOXFACP 00000001 ASL  00000061)
[    0.000000] ACPI: DSDT 0x000000003FFF0610 002353 (v02 VBOX   VBOXBIOS 00000002 INTL 20100528)
[    0.000000] ACPI: FACS 0x000000003FFF0200 000040
[    0.000000] ACPI: FACS 0x000000003FFF0200 000040
[    0.000000] ACPI: APIC 0x000000003FFF0240 000054 (v02 VBOX   VBOXAPIC 00000001 ASL  00000061)
[    0.000000] ACPI: SSDT 0x000000003FFF02A0 00036C (v01 VBOX   VBOXCPUT 00000002 INTL 20100528)
[    0.000000] No NUMA configuration found
[    0.000000] Faking a node at [mem 0x0000000000000000-0x000000003ffeffff]
[    0.000000] NODE_DATA(0) allocated [mem 0x3ffeb000-0x3ffeffff]
[    0.000000] kvm-clock: Using msrs 4b564d01 and 4b564d00
[    0.000000] kvm-clock: cpu 0, msr 0:3ffe3001, primary cpu clock
[    0.000000] kvm-clock: using sched offset of 3039669068 cycles
[    0.000000] clocksource: kvm-clock: mask: 0xffffffffffffffff max_cycles: 0x1cd42e4dffb, max_idle_ns: 881590591483 ns
[    0.000000] Zone ranges:
[    0.000000]   DMA      [mem 0x0000000000001000-0x0000000000ffffff]
[    0.000000]   DMA32    [mem 0x0000000001000000-0x000000003ffeffff]
[    0.000000]   Normal   empty
[    0.000000]   Device   empty
[    0.000000] Movable zone start for each node
[    0.000000] Early memory node ranges
[    0.000000]   node   0: [mem 0x0000000000001000-0x000000000009efff]
[    0.000000]   node   0: [mem 0x0000000000100000-0x000000003ffeffff]
[    0.000000] Initmem setup node 0 [mem 0x0000000000001000-0x000000003ffeffff]
[    0.000000] ACPI: PM-Timer IO Port: 0x4008
[    0.000000] IOAPIC[0]: apic_id 1, version 32, address 0xfec00000, GSI 0-23
[    0.000000] ACPI: INT_SRC_OVR (bus 0 bus_irq 0 global_irq 2 dfl dfl)
[    0.000000] ACPI: INT_SRC_OVR (bus 0 bus_irq 9 global_irq 9 low level)
[    0.000000] Using ACPI (MADT) for SMP configuration information
[    0.000000] smpboot: Allowing 1 CPUs, 0 hotplug CPUs
[    0.000000] PM: Registered nosave memory: [mem 0x00000000-0x00000fff]
[    0.000000] PM: Registered nosave memory: [mem 0x0009f000-0x0009ffff]
[    0.000000] PM: Registered nosave memory: [mem 0x000a0000-0x000effff]
[    0.000000] PM: Registered nosave memory: [mem 0x000f0000-0x000fffff]
[    0.000000] e820: [mem 0x40000000-0xfebfffff] available for PCI devices
[    0.000000] Booting paravirtualized kernel on KVM
[    0.000000] clocksource: refined-jiffies: mask: 0xffffffff max_cycles: 0xffffffff, max_idle_ns: 7645519600211568 ns
[    0.000000] setup_percpu: NR_CPUS:512 nr_cpumask_bits:512 nr_cpu_ids:1 nr_node_ids:1
[    0.000000] PERCPU: Embedded 33 pages/cpu @ffff88003fc00000 s95192 r8192 d31784 u2097152
[    0.000000] Built 1 zonelists in Node order, mobility grouping on.  Total pages: 257912
[    0.000000] Policy zone: DMA32
[    0.000000] Kernel command line: BOOT_IMAGE=/boot/vmlinuz-4.4.0-210-generic root=LABEL=cloudimg-rootfs ro console=tty1 console=ttyS0
[    0.000000] PID hash table entries: 4096 (order: 3, 32768 bytes)
[    0.000000] Memory: 997924K/1048120K available (8644K kernel code, 1332K rwdata, 4044K rodata, 1492K init, 1164K bss, 50196K reserved, 0K cma-reserved)
[    0.000000] SLUB: HWalign=64, Order=0-3, MinObjects=0, CPUs=1, Nodes=1
[    0.000000] Hierarchical RCU implementation.
[    0.000000] 	Build-time adjustment of leaf fanout to 64.
[    0.000000] 	RCU restricting CPUs from NR_CPUS=512 to nr_cpu_ids=1.
[    0.000000] RCU: Adjusting geometry for rcu_fanout_leaf=64, nr_cpu_ids=1
[    0.000000] NR_IRQS:33024 nr_irqs:256 16
[    0.000000] Console: colour VGA+ 80x25
[    0.000000] console [tty1] enabled
[    0.000000] console [ttyS0] enabled
[    0.000000] tsc: Detected 3700.004 MHz processor
[    0.235968] Calibrating delay loop (skipped) preset value.. 7400.00 BogoMIPS (lpj=14800016)
[    0.239220] pid_max: default: 32768 minimum: 301
[    0.240932] ACPI: Core revision 20150930
[    0.243108] ACPI: 2 ACPI AML tables successfully acquired and loaded
[    0.246008] Security Framework initialized
[    0.247716] Yama: becoming mindful.
[    0.249100] AppArmor: AppArmor initialized
[    0.250756] Dentry cache hash table entries: 131072 (order: 8, 1048576 bytes)
[    0.254760] Inode-cache hash table entries: 65536 (order: 7, 524288 bytes)
[    0.260621] Mount-cache hash table entries: 2048 (order: 2, 16384 bytes)
[    0.263727] Mountpoint-cache hash table entries: 2048 (order: 2, 16384 bytes)
[    0.266844] Initializing cgroup subsys io
[    0.268584] Initializing cgroup subsys memory
[    0.270296] Initializing cgroup subsys devices
[    0.271950] Initializing cgroup subsys freezer
[    0.273663] Initializing cgroup subsys net_cls
[    0.275313] Initializing cgroup subsys perf_event
[    0.277047] Initializing cgroup subsys net_prio
[    0.279334] Initializing cgroup subsys hugetlb
[    0.280987] Initializing cgroup subsys pids
[    0.283147] CPU0: Hyper-Threading is disabled
[    0.284909] mce: CPU supports 0 MCE banks
[    0.286988] Last level iTLB entries: 4KB 512, 2MB 512, 4MB 256
[    0.289093] Last level dTLB entries: 4KB 2048, 2MB 2048, 4MB 1024, 1GB 0
[    0.292799] Spectre V1 : Mitigation: usercopy/swapgs barriers and __user pointer sanitization
[    0.297408] Spectre V2 : Spectre mitigation: LFENCE not serializing, switching to generic retpoline
[    0.303745] Spectre V2 : Mitigation: Full generic retpoline
[    0.305943] Spectre V2 : Spectre v2 / SpectreRSB mitigation: Filling RSB on context switch
[    0.380193] Freeing SMP alternatives memory: 36K
[    0.413530] ftrace: allocating 32380 entries in 127 pages
[    0.646864] smpboot: APIC(0) Converting physical 0 to logical package 0
[    0.649490] smpboot: Max logical packages: 1
[    0.657746] ..TIMER: vector=0x30 apic1=0 pin1=2 apic2=-1 pin2=-1
[    0.768717] smpboot: CPU0: AMD Ryzen 5 5600X 6-Core Processor (family: 0x19, model: 0x21, stepping: 0x0)
[    0.773104] Performance Events: Broken PMU hardware detected, using software events only.
[    0.776277] Failed to access perfctr msr (MSR c0010007 is 0)
[    0.810872] KVM setup paravirtual spinlock
[    0.813302] x86: Booted up 1 node, 1 CPUs
[    0.814792] smpboot: Total of 1 processors activated (7400.00 BogoMIPS)
[    0.818139] devtmpfs: initialized
[    0.820301] evm: security.selinux
[    0.821537] evm: security.SMACK64
[    0.822818] evm: security.SMACK64EXEC
[    0.824204] evm: security.SMACK64TRANSMUTE
[    0.825709] evm: security.SMACK64MMAP
[    0.827043] evm: security.ima
[    0.828341] evm: security.capability
[    0.829752] clocksource: jiffies: mask: 0xffffffff max_cycles: 0xffffffff, max_idle_ns: 7645041785100000 ns
[    0.833217] futex hash table entries: 256 (order: 2, 16384 bytes)
[    0.835495] pinctrl core: initialized pinctrl subsystem
[    0.837501] RTC time: 12:36:47, date: 03/05/23
[    0.839251] NET: Registered protocol family 16
[    0.841063] cpuidle: using governor ladder
[    0.842542] cpuidle: using governor menu
[    0.844009] PCCT header not found.
[    0.846311] ACPI: bus type PCI registered
[    0.847946] acpiphp: ACPI Hot Plug PCI Controller Driver version: 0.5
[    0.850367] PCI: Using configuration type 1 for base access
[    0.852363] PCI: Using configuration type 1 for extended access
[    0.855555] ACPI: Added _OSI(Module Device)
[    0.857152] ACPI: Added _OSI(Processor Device)
[    0.858735] ACPI: Added _OSI(3.0 _SCP Extensions)
[    0.860462] ACPI: Added _OSI(Processor Aggregator Device)
[    0.862979] ACPI: Executed 1 blocks of module-level executable AML code
[    0.867147] ACPI: Interpreter enabled
[    0.868519] ACPI: (supports S0 S5)
[    0.869776] ACPI: Using IOAPIC for interrupt routing
[    0.871743] PCI: Using host bridge windows from ACPI; if necessary, use "pci=nocrs" and report a bug
[    0.877974] ACPI: PCI Root Bridge [PCI0] (domain 0000 [bus 00-ff])
[    0.880213] acpi PNP0A03:00: _OSC: OS supports [ExtendedConfig ASPM ClockPM Segments MSI]
[    0.883633] acpi PNP0A03:00: _OSC: platform does not support [PCIeCapability]
[    0.886367] acpi PNP0A03:00: _OSC: not requesting control; platform does not support [PCIeCapability]
[    0.889742] acpi PNP0A03:00: _OSC: OS requested [PCIeHotplug PME AER PCIeCapability]
[    0.892532] acpi PNP0A03:00: _OSC: platform willing to grant [PCIeHotplug PME AER]
[    0.895252] acpi PNP0A03:00: _OSC failed (AE_SUPPORT); disabling ASPM
[    0.897801] PCI host bridge to bus 0000:00
[    0.899332] pci_bus 0000:00: root bus resource [io  0x0000-0x0cf7 window]
[    0.901692] pci_bus 0000:00: root bus resource [io  0x0d00-0xffff window]
[    0.904080] pci_bus 0000:00: root bus resource [mem 0x000a0000-0x000bffff window]
[    0.906702] pci_bus 0000:00: root bus resource [mem 0x40000000-0xfdffffff window]
[    0.909515] pci_bus 0000:00: root bus resource [bus 00-ff]
[    0.914147] pci 0000:00:01.1: legacy IDE quirk: reg 0x10: [io  0x01f0-0x01f7]
[    0.916660] pci 0000:00:01.1: legacy IDE quirk: reg 0x14: [io  0x03f6]
[    0.918909] pci 0000:00:01.1: legacy IDE quirk: reg 0x18: [io  0x0170-0x0177]
[    0.921433] pci 0000:00:01.1: legacy IDE quirk: reg 0x1c: [io  0x0376]
[    0.931993] pci 0000:00:07.0: quirk: [io  0x4000-0x403f] claimed by PIIX4 ACPI
[    0.942495] pci 0000:00:07.0: quirk: [io  0x4100-0x410f] claimed by PIIX4 SMB
[    0.949374] ACPI: PCI Interrupt Link [LNKA] (IRQs 5 9 10 *11)
[    0.952457] ACPI: PCI Interrupt Link [LNKB] (IRQs 5 9 *10 11)
[    0.955380] ACPI: PCI Interrupt Link [LNKC] (IRQs 5 *9 10 11)
[    0.958239] ACPI: PCI Interrupt Link [LNKD] (IRQs 5 9 10 *11)
[    0.961207] ACPI: Enabled 2 GPEs in block 00 to 07
[    0.963284] vgaarb: setting as boot device: PCI:0000:00:02.0
[    0.965538] vgaarb: device added: PCI:0000:00:02.0,decodes=io+mem,owns=io+mem,locks=none
[    0.968582] vgaarb: loaded
[    0.969618] vgaarb: bridge control possible 0000:00:02.0
[    0.971702] SCSI subsystem initialized
[    0.973162] ACPI: bus type USB registered
[    0.974619] usbcore: registered new interface driver usbfs
[    0.976623] usbcore: registered new interface driver hub
[    0.978512] usbcore: registered new device driver usb
[    0.980507] PCI: Using ACPI for IRQ routing
[    0.982393] NetLabel: Initializing
[    0.983694] NetLabel:  domain hash size = 128
[    0.985245] NetLabel:  protocols = UNLABELED CIPSOv4
[    0.987032] NetLabel:  unlabeled traffic allowed by default
[    0.989209] amd_nb: Cannot enumerate AMD northbridges
[    0.991031] clocksource: Switched to clocksource kvm-clock
[    1.004024] AppArmor: AppArmor Filesystem Enabled
[    1.005847] pnp: PnP ACPI init
[    1.007939] pnp: PnP ACPI: found 3 devices
[    1.015681] clocksource: acpi_pm: mask: 0xffffff max_cycles: 0xffffff, max_idle_ns: 2085701024 ns
[    1.018913] NET: Registered protocol family 2
[    1.020765] TCP established hash table entries: 8192 (order: 4, 65536 bytes)
[    1.023392] TCP bind hash table entries: 8192 (order: 5, 131072 bytes)
[    1.025843] TCP: Hash tables configured (established 8192 bind 8192)
[    1.028568] UDP hash table entries: 512 (order: 2, 16384 bytes)
[    1.030666] UDP-Lite hash table entries: 512 (order: 2, 16384 bytes)
[    1.033080] NET: Registered protocol family 1
[    1.034655] pci 0000:00:00.0: Limiting direct PCI/PCI transfers
[    1.036804] pci 0000:00:01.0: Activating ISA DMA hang workarounds
[    1.039170] Unpacking initramfs...
[    1.215423] Freeing initrd memory: 14888K
[    1.217172] clocksource: tsc: mask: 0xffffffffffffffff max_cycles: 0x6aaab41c729, max_idle_ns: 881591026156 ns
[    1.220850] platform rtc_cmos: registered platform RTC device (no PNP device found)
[    1.223885] Scanning for low memory corruption every 60 seconds
[    1.226304] audit: initializing netlink subsys (disabled)
[    1.228367] audit: type=2000 audit(1678019812.136:1): initialized
[    1.230677] Initialise system trusted keyring
[    1.232499] HugeTLB registered 2 MB page size, pre-allocated 0 pages
[    1.237131] zbud: loaded
[    1.238425] VFS: Disk quotas dquot_6.6.0
[    1.239974] VFS: Dquot-cache hash table entries: 512 (order 0, 4096 bytes)
[    1.242567] squashfs: version 4.0 (2009/01/31) Phillip Lougher
[    1.245030] fuse init (API version 7.23)
[    1.246572] Key type big_key registered
[    1.248047] Allocating IMA MOK and blacklist keyrings.
[    1.250447] Key type asymmetric registered
[    1.252002] Asymmetric key parser 'x509' registered
[    1.253746] Block layer SCSI generic (bsg) driver version 0.4 loaded (major 249)
[    1.256497] io scheduler noop registered
[    1.257918] io scheduler deadline registered (default)
[    1.259823] io scheduler cfq registered
[    1.261288] pci_hotplug: PCI Hot Plug PCI Core version: 0.5
[    1.263418] pciehp: PCI Express Hot Plug Controller Driver version: 0.4
[    1.265789] ACPI: AC Adapter [AC] (on-line)
[    1.267421] input: Power Button as /devices/LNXSYSTM:00/LNXPWRBN:00/input/input0
[    1.270006] ACPI: Power Button [PWRF]
[    1.271448] input: Sleep Button as /devices/LNXSYSTM:00/LNXSLPBN:00/input/input1
[    1.274187] ACPI: Sleep Button [SLPF]
[    1.275734] GHES: HEST is not enabled!
[    1.277214] Serial: 8250/16550 driver, 32 ports, IRQ sharing enabled
[    1.302323] 00:02: ttyS0 at I/O 0x3f8 (irq = 4, base_baud = 115200) is a 16550A
[    1.307884] Linux agpgart interface v0.103
[    1.311700] loop: module loaded
[    1.313848] scsi host0: ata_piix
[    1.315276] scsi host1: ata_piix
[    1.316539] ata1: PATA max UDMA/33 cmd 0x1f0 ctl 0x3f6 bmdma 0xd000 irq 14
[    1.318997] ata2: PATA max UDMA/33 cmd 0x170 ctl 0x376 bmdma 0xd008 irq 15
[    1.322309] libphy: Fixed MDIO Bus: probed
[    1.323858] tun: Universal TUN/TAP device driver, 1.6
[    1.325646] tun: (C) 1999-2004 Max Krasnyansky <maxk@qualcomm.com>
[    1.328041] PPP generic driver version 2.4.2
[    1.329635] ehci_hcd: USB 2.0 'Enhanced' Host Controller (EHCI) Driver
[    1.331963] ehci-pci: EHCI PCI platform driver
[    1.333583] ehci-platform: EHCI generic platform driver
[    1.335488] ohci_hcd: USB 1.1 'Open' Host Controller (OHCI) Driver
[    1.337649] ohci-pci: OHCI PCI platform driver
[    1.339321] ohci-platform: OHCI generic platform driver
[    1.341199] uhci_hcd: USB Universal Host Controller Interface driver
[    1.343531] i8042: PNP: PS/2 Controller [PNP0303:PS2K,PNP0f03:PS2M] at 0x60,0x64 irq 1,12
[    1.348076] serio: i8042 KBD port at 0x60,0x64 irq 1
[    1.349857] serio: i8042 AUX port at 0x60,0x64 irq 12
[    1.351798] mousedev: PS/2 mouse device common for all mice
[    1.354403] input: AT Translated Set 2 keyboard as /devices/platform/i8042/serio0/input/input2
[    1.358117] rtc_cmos rtc_cmos: rtc core: registered rtc_cmos as rtc0
[    1.360927] rtc_cmos rtc_cmos: alarms up to one day, 114 bytes nvram
[    1.363229] i2c /dev entries driver
[    1.364571] device-mapper: uevent: version 1.0.3
[    1.366316] device-mapper: ioctl: 4.34.0-ioctl (2015-10-28) initialised: dm-devel@redhat.com
[    1.369767] ledtrig-cpu: registered to indicate activity on CPUs
[    1.372222] NET: Registered protocol family 10
[    1.373996] NET: Registered protocol family 17
[    1.375679] Key type dns_resolver registered
[    1.377384] registered taskstats version 1
[    1.378882] Loading compiled-in X.509 certificates
[    1.380997] Loaded X.509 cert 'Build time autogenerated kernel key: cf00e047681d67edb2720680708b7d9498083038'
[    1.384589] zswap: loaded using pool lzo/zbud
[    1.387581] Key type trusted registered
[    1.390761] Key type encrypted registered
[    1.392313] AppArmor: AppArmor sha1 policy hashing enabled
[    1.394248] ima: No TPM chip found, activating TPM-bypass!
[    1.396262] ima: Allocated hash algorithm: sha1
[    1.397896] evm: HMAC attrs: 0x1
[    1.399487]   Magic number: 15:209:632
[    1.401000] rtc_cmos rtc_cmos: setting system clock to 2023-03-05 12:36:48 UTC (1678019808)
[    1.404031] BIOS EDD facility v0.16 2004-Jun-25, 0 devices found
[    1.406154] EDD information not available.
[    1.510157] Freeing unused kernel memory: 1492K
[    1.511881] Write protecting the kernel read-only data: 14336k
[    1.514119] Freeing unused kernel memory: 1584K
[    1.515857] Freeing unused kernel memory: 52K
Loading, please wait...
starting version 229
[    1.526073] random: udevadm: uninitialized urandom read (16 bytes read, 3 bits of entropy available)
[    1.529476] random: systemd-udevd: uninitialized urandom read (16 bytes read, 3 bits of entropy available)
[    1.532998] random: systemd-udevd: uninitialized urandom read (16 bytes read, 3 bits of entropy available)
[    1.536433] random: udevadm: uninitialized urandom read (16 bytes read, 3 bits of entropy available)
[    1.539692] random: systemd-udevd: uninitialized urandom read (16 bytes read, 3 bits of entropy available)
[    1.543031] random: systemd-udevd: uninitialized urandom read (16 bytes read, 3 bits of entropy available)
[    1.551536] random: systemd-udevd: uninitialized urandom read (16 bytes read, 3 bits of entropy available)
[    1.555677] random: udevadm: uninitialized urandom read (16 bytes read, 3 bits of entropy available)
[    1.558883] random: udevadm: uninitialized urandom read (16 bytes read, 3 bits of entropy available)
[    1.562292] random: systemd-udevd: uninitialized urandom read (16 bytes read, 3 bits of entropy available)
[    1.605769] e1000: Intel(R) PRO/1000 Network Driver - version 7.3.21-k8-NAPI
[    1.608320] e1000: Copyright (c) 1999-2006 Intel Corporation.
[    1.613767] Fusion MPT base driver 3.04.20
[    1.615383] Copyright (c) 1999-2008 LSI Corporation
[    1.641460] Fusion MPT SPI Host driver 3.04.20
[    1.649547] SSE version of gcm_enc/dec engaged.
[    1.838920] input: ImExPS/2 Generic Explorer Mouse as /devices/platform/i8042/serio1/input/input4
[    2.089498] e1000 0000:00:03.0 eth0: (PCI:33MHz:32-bit) 02:be:82:6b:cc:1d
[    2.092070] e1000 0000:00:03.0 eth0: Intel(R) PRO/1000 Network Connection
[    2.094919] mptbase: ioc0: Initiating bringup
[    2.168123] ioc0: LSI53C1030 A0: Capabilities={Initiator}
[    2.335118] scsi host2: ioc0: LSI53C1030 A0, FwRev=00000000h, Ports=1, MaxQ=256, IRQ=20
[    2.449457] scsi 2:0:0:0: Direct-Access     VBOX     HARDDISK         1.0  PQ: 0 ANSI: 5
[    2.452397] scsi target2:0:0: Beginning Domain Validation
[    2.457101] scsi target2:0:0: Domain Validation skipping write tests
[    2.459372] scsi target2:0:0: Ending Domain Validation
[    2.461357] scsi target2:0:0: asynchronous
[    2.463764] scsi 2:0:1:0: Direct-Access     VBOX     HARDDISK         1.0  PQ: 0 ANSI: 5
[    2.466595] scsi target2:0:1: Beginning Domain Validation
[    2.470927] scsi target2:0:1: Domain Validation skipping write tests
[    2.473232] scsi target2:0:1: Ending Domain Validation
[    2.480625] scsi target2:0:1: asynchronous
[    2.585811] sd 2:0:0:0: [sda] 83886080 512-byte logical blocks: (42.9 GB/40.0 GiB)
[    2.588594] sd 2:0:0:0: Attached scsi generic sg0 type 0
[    2.590801] sd 2:0:1:0: [sdb] 20480 512-byte logical blocks: (10.5 MB/10.0 MiB)
[    2.594992] sd 2:0:1:0: Attached scsi generic sg1 type 0
[    2.597398] sd 2:0:0:0: [sda] Write Protect is off
[    2.605098] sd 2:0:0:0: [sda] Incomplete mode parameter data
[    2.607157] sd 2:0:0:0: [sda] Assuming drive cache: write through
[    2.609529] sd 2:0:1:0: [sdb] Write Protect is off
[    2.611531] sd 2:0:1:0: [sdb] Incomplete mode parameter data
[    2.613533] sd 2:0:1:0: [sdb] Assuming drive cache: write through
[    2.627688]  sda: sda1
[    2.629533] sd 2:0:0:0: [sda] Attached SCSI disk
[    2.639332] sd 2:0:1:0: [sdb] Attached SCSI disk
[    2.929192] e1000 0000:00:08.0 eth1: (PCI:33MHz:32-bit) 08:00:27:6e:c1:70
[    2.931621] e1000 0000:00:08.0 eth1: Intel(R) PRO/1000 Network Connection
[    2.934712] e1000 0000:00:08.0 enp0s8: renamed from eth1
[    2.937826] e1000 0000:00:03.0 enp0s3: renamed from eth0
Begin: Loading essential drivers ... [    4.180357] md: linear personality registered for level -1
[    4.184117] md: multipath personality registered for level -4
[    4.187668] md: raid0 personality registered for level 0
[    4.193002] md: raid1 personality registered for level 1
[    4.272189] raid6: sse2x1   gen()  8769 MB/s
[    4.347232] raid6: sse2x1   xor() 14031 MB/s
[    4.423074] raid6: sse2x2   gen() 16576 MB/s
[    4.496489] raid6: sse2x2   xor() 18402 MB/s
[    4.579059] raid6: sse2x4   gen() 24897 MB/s
[    4.651115] raid6: sse2x4   xor() 12840 MB/s
[    4.652853] raid6: using algorithm sse2x4 gen() 24897 MB/s
[    4.655093] raid6: .... xor() 12840 MB/s, rmw enabled
[    4.656955] raid6: using ssse3x2 recovery algorithm
[    4.660636] xor: measuring software checksum speed
[    4.767055]    prefetch64-sse: 54015.000 MB/sec
[    4.873977]    generic_sse: 53718.000 MB/sec
[    4.875652] xor: using function: prefetch64-sse (54015.000 MB/sec)
[    4.879168] async_tx: api initialized (async)
[    4.892864] md: raid6 personality registered for level 6
[    4.894760] md: raid5 personality registered for level 5
[    4.896720] md: raid4 personality registered for level 4
[    4.904071] md: raid10 personality registered for level 10
done.
Begin: Running /scripts/init-premount ... done.
Begin: Mounting root file system ... Begin: Running /scripts/local-top ... done.
Begin: Running /scripts/local-premount ... [    4.944616] Btrfs loaded
Scanning for Btrfs filesystems
done.
Warning: fsck not present, so skipping root file system
[    4.967929] EXT4-fs (sda1): mounted filesystem with ordered data mode. Opts: (null)
done.
Begin: Running /scripts/local-bottom ... done.
Begin: Running /scripts/init-bottom ... done.
[    5.045076] systemd[1]: systemd 229 running in system mode. (+PAM +AUDIT +SELINUX +IMA +APPARMOR +SMACK +SYSVINIT +UTMP +LIBCRYPTSETUP +GCRYPT +GNUTLS +ACL +XZ -LZ4 +SECCOMP +BLKID +ELFUTILS +KMOD -IDN)
[    5.051694] systemd[1]: Detected virtualization oracle.
[    5.053540] systemd[1]: Detected architecture x86-64.

Welcome to [1mUbuntu 16.04.7 LTS[0m!

[    5.060329] systemd[1]: Set hostname to <ubuntu>.
[    5.065156] systemd[1]: Initializing machine ID from random generator.
[    5.067587] systemd[1]: Installed transient /etc/machine-id file.
[    5.174364] systemd[1]: Reached target User and Group Name Lookups.
[[0;32m  OK  [0m] Reached target User and Group Name Lookups.
[    5.179158] systemd[1]: Listening on Syslog Socket.
[[0;32m  OK  [0m] Listening on Syslog Socket.
[    5.183291] systemd[1]: Created slice User and Session Slice.
[[0;32m  OK  [0m] Created slice User and Session Slice.
[    5.187895] systemd[1]: Reached target Encrypted Volumes.
[[0;32m  OK  [0m] Reached target Encrypted Volumes.
[    5.192213] systemd[1]: Started Forward Password Requests to Wall Directory Watch.
[[0;32m  OK  [0m] Started Forward Password Requests to Wall Directory Watch.
[    5.197633] systemd[1]: Listening on Journal Audit Socket.
[[0;32m  OK  [0m] Listening on Journal Audit Socket.
[    5.202026] systemd[1]: Started Trigger resolvconf update for networkd DNS.
[[0;32m  OK  [0m] Started Trigger resolvconf update for networkd DNS.
[    5.207025] systemd[1]: Listening on Journal Socket.
[[0;32m  OK  [0m] Listening on Journal Socket.
[    5.211398] systemd[1]: Listening on Journal Socket (/dev/log).
[[0;32m  OK  [0m] Listening on Journal Socket (/dev/log).
[    5.215806] systemd[1]: Listening on LVM2 metadata daemon socket.
[[0;32m  OK  [0m] Listening on LVM2 metadata daemon socket.
[    5.220384] systemd[1]: Set up automount Arbitrary Executable File Formats File System Automount Point.
[[0;32m  OK  [0m] Set up automount Arbitrary Executab...ats File System Automount Point.
[    5.226400] systemd[1]: Reached target System Time Synchronized.
[[0;32m  OK  [0m] Reached target System Time Synchronized.
[    5.231439] systemd[1]: Listening on fsck to fsckd communication Socket.
[[0;32m  OK  [0m] Listening on fsck to fsckd communication Socket.
[    5.236277] systemd[1]: Listening on Device-mapper event daemon FIFOs.
[[0;32m  OK  [0m] Listening on Device-mapper event daemon FIFOs.
[    5.241393] systemd[1]: Created slice System Slice.
[[0;32m  OK  [0m] Created slice System Slice.
[    5.246092] systemd[1]: Starting Uncomplicated firewall...
         Starting Uncomplicated firewall...
[    5.251882] systemd[1]: Mounting Huge Pages File System...
         Mounting Huge Pages File System...
[    5.257940] systemd[1]: Starting Nameserver information manager...
         Starting Nameserver information manager...
[    5.265101] systemd[1]: Starting Monitoring of LVM2 mirrors, snapshots etc. using dmeventd or progress polling...
         Starting Monitoring of LVM2 mirrors... dmeventd or progress polling...
[    5.275983] systemd[1]: Starting File System Check on Root Device...
         Starting File System Check on Root Device...
[    5.286363] systemd[1]: Starting Journal Service...
         Starting Journal Service...
[    5.299579] systemd[1]: Starting Set console keymap...
         Starting Set console keymap...
[    5.306143] systemd[1]: Reached target Slices.
[[0;32m  OK  [0m] Reached target Slices.
[    5.325455] systemd[1]: Mounting POSIX Message Queue File System...
         Mounting POSIX Message Queue File System...
[    5.330399] systemd[1]: Starting Create list of required static device nodes for the current kernel...
         Starting Create list of required st... nodes for the current kernel...
[    5.347497] systemd[1]: Mounting Debug File System...
         Mounting Debug File System...
[    5.352058] systemd[1]: Created slice system-serial\x2dgetty.slice.
[[0;32m  OK  [0m] Created slice system-serial\x2dgetty.slice.
[    5.360099] systemd[1]: Listening on udev Control Socket.
[[0;32m  OK  [0m] Listening on udev Control Socket.
[    5.364350] systemd[1]: Listening on LVM2 poll daemon socket.
[[0;32m  OK  [0m] Listening on LVM2 poll daemon socket.
[    5.368789] systemd[1]: Reached target Swap.
[[0;32m  OK  [0m] Reached target Swap.
[    5.372746] systemd[1]: Listening on udev Kernel Socket.
[[0;32m  OK  [0m] Listening on udev Kernel Socket.
[    5.378005] systemd[1]: Starting Load Kernel Modules...
         Starting Load Kernel Modules...
[    5.382140] systemd[1]: Listening on /dev/initctl Compatibility Named Pipe.
[[0;32m  OK  [0m[    5.393177] Loading iSCSI transport class v2.0-870.
] Listening on /dev/initctl Compatibility Named Pipe.
[    5.397581] systemd[1]: Mounted Huge Pages File System.
[[0;32m  OK  [0m] Mounted Huge Pages File System.
[    5.404247] systemd[1]: Mounted POSIX Message Queue File System.
[    5.407434] iscsi: registered transport (tcp)
[[0;32m  OK  [0m] Mounted POSIX Message Queue File System.
[    5.412612] systemd[1]: Mounted Debug File System.
[[0;32m  OK  [0m] Mounted Debug File System.
[    5.417669] systemd[1]: Started Journal Service.
[    5.419586] random: nonblocking pool is initialized
[[0;32m  OK  [0m] Started Journal Service.
[[0;32m  OK  [0m] Started Uncomplicated firewall.
[[0;32m  OK  [0m] Started File System Check on Root Device.
[    5.448091] iscsi: registered transport (iser)
[[0;32m  OK  [0m] Started Set console keymap.
[[0;32m  OK  [0m] Started Create list of required sta...ce nodes for the current kernel.
[[0;32m  OK  [0m] Started Load Kernel Modules.
[[0;32m  OK  [0m] Started Nameserver information manager.
[[0;32m  OK  [0m] Started LVM2 metadata daemon.
[[0;32m  OK  [0m] Started File System Check Daemon to report status.
         Starting Apply Kernel Variables...
         Mounting FUSE Control File System...
         Starting Create Static Device Nodes in /dev...
         Starting Remount Root and Kernel File Systems...
[[0;32m  OK  [0m] Mounted FUSE Control File System.
[[0;32m  OK  [0m] Started Apply Kernel Variables.
[[0;32m  OK  [0m] Started Create Static Device Nodes in /dev.
[[0;32m  OK  [0m] Started Remount Root and Kernel File Systems.
         Starting udev Coldplug all Devices...
         Starting Load/Save Random Seed...
         Starting Flush Journal to Persistent Storage...
         Starting udev Kernel Device Manager...
[[0;32m  OK  [0m] Started Load/Save Random Seed.
[[0;32m  OK  [0m] Started Flush Journal to Persistent Storage.
[[0;32m  OK  [0m] Started udev Kernel Device Manager.
[[0;32m  OK  [0m] Started Monitoring of LVM2 mirrors,...ng dmeventd or progress polling.
[[0;32m  OK  [0m] Reached target Local File Systems (Pre).
[[0;32m  OK  [0m] Reached target Local File Systems.
         Starting Create Volatile Files and Directories...
         Starting Tell Plymouth To Write Out Runtime Data...
         Starting Commit a transient machine-id on disk...
         Starting LSB: AppArmor initialization...
         Starting Initial cloud-init job (pre-networking)...
         Starting Set console font and keymap...
[[0;32m  OK  [0m] Started udev Coldplug all Devices.
[[0;32m  OK  [0m] Started Create Volatile Files and Directories.
[[0;32m  OK  [0m] Started Tell Plymouth To Write Out Runtime Data.
[[0;32m  OK  [0m] Started Commit a transient machine-id on disk.
         Starting Update UTMP about System Boot/Shutdown...
[[0;32m  OK  [0m] Started Dispatch Password Requests to Console Directory Watch.
[[0;32m  OK  [0m] Started Update UTMP about System Boot/Shutdown.
[[0;32m  OK  [0m] Found device /dev/ttyS0.
[[0;32m  OK  [0m] Listening on Load/Save RF Kill Switch Status /dev/rfkill Watch.
[    6.566360] cloud-init[500]: Cloud-init v. 21.1-19-gbad84ad4-0ubuntu1~16.04.2 running 'init-local' at Sun, 05 Mar 2023 12:36:53 +0000. Up 6.21 seconds.
[[0;32m  OK  [0m] Started Initial cloud-init job (pre-networking).
[[0;32m  OK  [0m] Started LSB: AppArmor initialization.
         Starting Load AppArmor profiles managed internally by snapd...
[[0;32m  OK  [0m] Reached target Network (Pre).
         Starting Raise network interfaces...
[[0;32m  OK  [0m] Started Set console font and keymap.
[[0;32m  OK  [0m] Started Load AppArmor profiles managed internally by snapd.
[[0;32m  OK  [0m] Created slice system-getty.slice.
[[0;32m  OK  [0m] Started Raise network interfaces.
         Starting Initial cloud-init job (metadata service crawler)...
[[0;32m  OK  [0m] Reached target Network.
[    7.557673] cloud-init[964]: Cloud-init v. 21.1-19-gbad84ad4-0ubuntu1~16.04.2 running 'init' at Sun, 05 Mar 2023 12:36:54 +0000. Up 7.30 seconds.
[    7.564971] cloud-init[964]: ci-info: ++++++++++++++++++++++++++++++++++++++Net device info+++++++++++++++++++++++++++++++++++++++
[    7.575497] cloud-init[964]: ci-info: +--------+-------+----------------------------+---------------+--------+-------------------+
[    7.579433] cloud-init[964]: ci-info: | Device |   Up  |          Address           |      Mask     | Scope  |     Hw-Address    |
[    7.585882] cloud-init[964]: ci-info: +--------+-------+----------------------------+---------------+--------+-------------------+
[    7.593958] cloud-init[964]: ci-info: | enp0s3 |  True |         10.0.2.15          | 255.255.255.0 | global | 02:be:82:6b:cc:1d |
[    7.597926] cloud-init[964]: ci-info: | enp0s3 |  True | fe80::be:82ff:fe6b:cc1d/64 |       .       |  link  | 02:be:82:6b:cc:1d |[[0;32m  OK  [0m] Started Initial cloud-init job (metadata service crawler).
[[0;32m  OK  [0m] Reached target System Initialization.
[    7.604663] cloud-init[964]: ci-info: | enp0s8 | False |             .              |       .       |   .    | 08:00:27:6e:c1:70 |
[    7.607330] cloud-init
[[0;32m  OK  [0m] Listening on ACPID Listen Socket.
[[0;32m  OK  [0m] Started Message of the Day.
[964]: ci-info: |   lo   |  True |         127.0.0.1          |   255.0.0.0   |  host  |         .         |
[    7.614491] cloud-init[964]: ci-info: |   lo   |  True |          ::1/128           |       .       |  host  |         .         |
         Starting LXD - unix socket.
[[0;32m  OK  [0m] Started Ubuntu Advantage update messaging.[    7.620227] cloud-init[964]: ci-info: +--------+-------+----------------------------+---------------+--------+-------------------+
[    7.622504] cloud-init[964]: ci-info: +++++++++++++++++++++++++++Route IPv4 info++++++++++++++++++++++++++++
[[0;32m  OK  [0m] Started Daily Cleanup of Temporary Directories.
[[0;32m  OK  [0m] Listening on D-Bus System Message Bus Socket.
[[0;32m  OK  [0m] Listening on UUID daemon activation socket.

[    7.631033] cloud-init[964]: ci-info: +-------+-------------+----------+---------------+-----------+-------+
[[0;32m  OK  [0m] Started ACPI Events Check.
[[0;32m  OK  [0m] Reached target Paths.
         Starting Socket activation for snappy daemon.
[[0;32m  OK  [0m] Started Daily apt download activities.[    7.633988] cloud-init[964]: ci-info: | Route | Destination | Gateway  |    Genmask    | Interface | Flags |
[    7.642927] cloud-init[964]: ci-info: +-------+-------------+----------+---------------+-----------+-------+
[    7.645101] cloud-init[964]: ci-info: |   0   |   0.0.0.0   | 10.0.2.2 |    0.0.0.0    |   enp0s3  |   UG  |
[    7.647201] cloud-init[964]: 
[[0;32m  OK  [0m] Started Daily apt upgrade and clean activities.
[[0;32m  OK  [0m] Reached target Timers.ci-info: |   1   |   10.0.2.0  | 0.0.0.0  | 255.255.255.0 |   enp0s3  |   U   |
[    7.654026] cloud-init[964]: ci-info: +-------+-------------+----------+---------------+-----------+-------+
[[0;32m  OK  [0m] Reached target Cloud-config availability.
[[0;32m  OK  [0m] Reached target Network is Online.
         Starting iSCSI initiator daemon (iscsid)...
[[0;32m  OK  [0m] Listening on LXD - unix socket.
[    7.664706] cloud-init[964]: ci-info: +++++++++++++++++++Route IPv6 info+++++++++++++++++++
[    7.666620] cloud-init[964]: ci-info: +-------+-------------+---------+-----------+-------+
[    7.668756] cloud-init[964]: ci-info: | Route | Destination | Gateway | Interface | Flags |
[    7.670729] cloud-init[964]: ci-info: +-------+-------------+---------+-----------+-------+
[[0;32m  OK  [0m] Listening on Socket activation for snappy daemon.
[[0;32m  OK  [0m] Reached target Sockets.
[    7.677270] 
[[0;32m  OK  [0m] Reached target Basic System.
cloud-init[964]: [[0;32m  OK  [0m] Started ACPI event daemon.
ci-info: |   0   |  fe80::/64  |    ::   |   enp0s3  |   U   |
         Starting Virtualbox guest utils...
[[0;32m  OK  [0m] Started Deferred execution scheduler.
         Starting Accounts Service...
[    7.695561] cloud-init[964]: ci-info: |   3   |   ff00::/8  |    ::   |   enp0s3  |   U   |
[    7.704274] cloud-init         Starting LSB: Record successful boot for GRUB...
[[0;32m  OK  [0m] Started Regular background program processing daemon.
         Starting /etc/rc.local Compatibility...
[964]: ci-info: +-------+-------------+---------+-----------+-------+
         Starting Pollinate to seed the pseudo random number generator...
         Starting Login Service...
[[0;32m  OK  [0m] Started FUSE filesystem for LXC.
         Starting Snap Daemon...
         Starting LSB: MD monitoring daemon...
[[0;32m  OK  [0m] Started D-Bus System Message Bus.
[    7.760405] cloud-init[964]: Generating public/private rsa key pair.
[    7.772469] cloud-init[964]: Your identification has been saved in /etc/ssh/ssh_host_rsa_key.
         Starting System Logging Service...
         Starting LXD - container startup/shutdown...
[    7.778407] [[0;32m  OK  [0m] Started /etc/rc.local Compatibility.
cloud-init[[0;32m  OK  [0m] Started System Logging Service.
[[0;32m  OK  [0m] [964]: Started iSCSI initiator daemon (iscsid).
Your public key has been saved in /etc/ssh/ssh_host_rsa_key.pub.         Starting Login to default iSCSI targets...
[[0;32m  OK  [0m] Started Login Service.
[[0;32m  OK  [0m] Started Unattended Upgrades Shutdown.
[[0;32m  OK  [0m] Started LSB: Record successful boot for GRUB.

[[0;32m  OK  [0m] Started Login to default iSCSI targets.
[[0;32m  OK  [0m] Reached target Remote File Systems (Pre).
[[0;32m  OK  [0m] Reached target Remote File Systems.[    7.885445] cloud-init[964]: The key fingerprint is:
[    7.887418] cloud-init
         Starting Permit User Sessions...
         Starting LSB: Set the CPU Frequency Scaling governor to "ondemand"...
         Starting LSB: automatic crash report generation...
         Starting LSB: daemon to balance interrupts for SMP systems...
[[0;32m  OK  [0m] Started LSB: MD monitoring daemon.
[[0;32m  OK  [0m] Started Permit User Sessions.
         Starting Authenticate and Authorize Users to Run Privileged Tasks...
         Starting Hold until boot process finishes up...
         Starting Terminate Plymouth Boot Screen...[964]: 
[[0;32m  OK  [0m] Started Hold until boot process finishes up.
[[0;32m  OK  [0m] Started Serial Getty on ttyS0.
         Starting Set console scheme...
[[0;32m  OK  [0m] Started Getty on tty1.
[[0;32m  OK  [0m] Reached target Login Prompts.
[[0;32m  OK  [0m] Started LSB: Set the CPU Frequency Scaling governor to "ondemand".
[[0;32m  OK  [0m] Started Terminate Plymouth Boot Screen.
[[0;32m  OK  [0m] Started LSB: daemon to balance interrupts for SMP systems.SHA256:Ab+5t99clYH0mVAjw4pPPGhnWweu1UZduFo/jwe6/Is root@ubuntu-xenial
[[0;32m  OK  [0m] Started Set console scheme.

[    7.992537] cloud-init[964]: The key's randomart image is:
[[0;32m  OK  [0m] Started Authenticate and Authorize Users to Run Privileged Tasks.
[[0;32m  OK  [0m] Started Accounts Service.
[    8.028837] cloud-init[964]: +---[RSA 2048]----+
[[0;32m  OK  [0m] Started LSB: automatic crash report generation.
[    8.039899] cloud-init[964]: |      .     .=.++|
[    8.058808] cloud-init[964]: |       o    .oB.=|
[    8.073115] cloud-init[[0;32m  OK  [0m] Started LXD - container startup/shutdown.
[964]: |        o + o.+* |
[    8.093539] cloud-init[964]: |         B B +o+o|
[    8.109366] cloud-init[964]: |        S = *ooo.|
[    8.136458] cloud-init[964]: |         . +. ..o|
[[0;32m  OK  [0m] Started Virtualbox guest utils.
[    8.149922] cloud-init[964]: |        . .  . o+|
[    8.166454] cloud-init[964]: |         . o.+..o|
[    8.169837] cloud-init[964]: |          ..Eo=o |
[    8.177246] cloud-init[964]: +----[SHA256]-----+
[    8.187784] cloud-init[964]: Generating public/private dsa key pair.
[    8.190819] cloud-init[964]: Your identification has been saved in /etc/ssh/ssh_host_dsa_key.
[    8.202443] cloud-init[964]: Your public key has been saved in /etc/ssh/ssh_host_dsa_key.pub.
[    8.221794] cloud-init[964]: The key fingerprint is:
[    8.228379] cloud-init[964]: SHA256:e0Lo5DdmuR9AgKzbxDOoqaZYd6S3BCJ7xvUJMC8NubU root@ubuntu-xenial
[    8.240298] cloud-init[964]: The key's randomart image is:
[    8.247176] cloud-init[964]: +---[DSA 1024]----+
[[0;32m  OK  [0m] Started Snap Daemon.
         Starting Wait until snapd is fully seeded...
[    8.257922] cloud-init[964]: |   . ..          |
[    8.276764] cloud-init[964]: |   .o  .         |
[    8.287541] cloud-init[964]: |  =+.   .        |
[    8.305732] cloud-init[964]: |  oO=. o         |
[    8.311468] cloud-init[964]: |.o++Eo+ S        |
[    8.320336] cloud-init[964]: |o+.+.X o +       |
[    8.323768] cloud-init[964]: |o = o O O o      |
[    8.339436] cloud-init[964]: |o= . + = = .     |
[    8.341871] cloud-init[964]: |=     . ...      |
[    8.345094] cloud-init[964]: +----[SHA256]-----+
[    8.351715] cloud-init[964]: Generating public/private ecdsa key pair.
[    8.356292] cloud-init[964]: Your identification has been saved in /etc/ssh/ssh_host_ecdsa_key.
[    8.359189] cloud-init[964]: Your public key has been saved in /etc/ssh/ssh_host_ecdsa_key.pub.
[    8.366950] cloud-init[964]: The key fingerprint is:
[    8.375129] cloud-init[964]: SHA256:x6J87umow5TgnZRUWZQdLCkIYKkp6F5RHtgHlP7hxGs root@ubuntu-xenial
[    8.383287] cloud-init[964]: The key's randomart image is:
[    8.390394] cloud-init[964]: +---[ECDSA 256]---+
[    8.396947] cloud-init[964]: |.oo.+=++o=..     |
[    8.403495] cloud-init[964]: |.. .o=o.+ o      |
[    8.407757] cloud-init[964]: |o. .+.+. .       |
[    8.418043] cloud-init[964]: |= ..oo + .       |
[    8.422618] cloud-init[964]: |o. +.o+ S o      |
[    8.430083] cloud-init[964]: | ...=. E o       |
[    8.435265] cloud-init[964]: |. .o  + .        |
[    8.439285] cloud-init[964]: | .  o  + .       |
[    8.443318] cloud-init[964]: |    .o.o=        |
[    8.453474] cloud-init[964]: +----[SHA256]-----+
[    8.456424] cloud-init[964]: Generating public/private ed25519 key pair.
[    8.464179] cloud-init[964]: Your identification has been saved in /etc/ssh/ssh_host_ed25519_key.
[    8.467625] cloud-init[964]: Your public key has been saved in /etc/ssh/ssh_host_ed25519_key.pub.
[    8.477972] cloud-init[964]: The key fingerprint is:
[    8.486893] cloud-init[964]: SHA256:1OzpXcWhNNUTT+WQXrQLI9XtrCJeCzcwYbYjDumMSb8 root@ubuntu-xenial
[    8.498906] cloud-init[964]: The key's randomart image is:
[    8.501856] cloud-init[964]: +--[ED25519 256]--+
[    8.504576] cloud-init[964]: |             ++*O|
[    8.510288] cloud-init[964]: |         o+ o +BB|
[    8.515483] cloud-init[964]: |       ..oo+ = =*|
[    8.520522] cloud-init[964]: |    . o...=.. +.+|
[    8.523651] cloud-init[964]: |   . * oS.o+  .o |
[    8.526091] cloud-init[964]: |    o + ..o.=..  |
[    8.529587] cloud-init[964]: |       . ..=.+   |
[    8.532346] cloud-init[964]: |      E   . .    |
[    8.535074] cloud-init[964]: |                 |
[    8.537610] cloud-init[964]: +----[SHA256]-----+
[[0;32m  OK  [0m] Started Pollinate to seed the pseudo random number generator.
         Starting OpenBSD Secure Shell server...
[[0;32m  OK  [0m] Started OpenBSD Secure Shell server.
[[0;32m  OK  [0m] Started Wait until snapd is fully seeded.
         Starting Apply the settings specified in cloud-config...
[[0;32m  OK  [0m] Reached target Multi-User System.
[[0;32m  OK  [0m] Reached target Graphical Interface.
         Starting Update UTMP about System Runlevel Changes...
[[0;32m  OK  [0m] Started Update UTMP about System Runlevel Changes.
[    9.085180] cloud-init[1316]: Generating locales (this might take a while)...
[    9.577075] cloud-init[1316]:   en_US.UTF-8... done
[    9.580217] cloud-init[1316]: Generation complete.
[    9.755620] cloud-init[1316]: Cloud-init v. 21.1-19-gbad84ad4-0ubuntu1~16.04.2 running 'modules:config' at Sun, 05 Mar 2023 12:36:56 +0000. Up 9.03 seconds.
[[0;32m  OK  [0m] Started Apply the settings specified in cloud-config.
         Starting Execute cloud user/final scripts...
ci-info: no authorized SSH keys fingerprints found for user ubuntu.
<14>Mar  5 12:36:57 ec2: 
<14>Mar  5 12:36:57 ec2: #############################################################
<14>Mar  5 12:36:57 ec2: -----BEGIN SSH HOST KEY FINGERPRINTS-----
<14>Mar  5 12:36:57 ec2: 1024 SHA256:e0Lo5DdmuR9AgKzbxDOoqaZYd6S3BCJ7xvUJMC8NubU root@ubuntu-xenial (DSA)
<14>Mar  5 12:36:57 ec2: 256 SHA256:x6J87umow5TgnZRUWZQdLCkIYKkp6F5RHtgHlP7hxGs root@ubuntu-xenial (ECDSA)
<14>Mar  5 12:36:57 ec2: 256 SHA256:1OzpXcWhNNUTT+WQXrQLI9XtrCJeCzcwYbYjDumMSb8 root@ubuntu-xenial (ED25519)
<14>Mar  5 12:36:57 ec2: 2048 SHA256:Ab+5t99clYH0mVAjw4pPPGhnWweu1UZduFo/jwe6/Is root@ubuntu-xenial (RSA)
<14>Mar  5 12:36:57 ec2: -----END SSH HOST KEY FINGERPRINTS-----
<14>Mar  5 12:36:57 ec2: #############################################################
-----BEGIN SSH HOST KEY KEYS-----
ecdsa-sha2-nistp256 AAAAE2VjZHNhLXNoYTItbmlzdHAyNTYAAAAIbmlzdHAyNTYAAABBBFBywHc2LxT4L28YO3MMJY6efCaNj4x60N3lhCwS4wM8JJknfFOUR0TEHHmU0u8C9BYP2G7ShbPaPZE4z9c7Ttw= root@ubuntu-xenial
ssh-ed25519 AAAAC3NzaC1lZDI1NTE5AAAAID963a97MDfF83gGqb3J+a9KFiXGkOuPVBhiISRhT1Z/ root@ubuntu-xenial
ssh-rsa AAAAB3NzaC1yc2EAAAADAQABAAABAQDhjQIvp2NaP9G58l0ZdZH4K/c4T4V5KNLkWGzBaRPi13kA7YJDzdqbQhaVvF/iZgzxk3Wzp+pTLHOvvz/BzrEpG6RvYOTXk8FvqNcpp4w2hAJuBhlm+V9vO5e5WGnTPG+1WypkUQcVzR2J82wZI98kQY7FMP2pmEzh3XdPdWQj++uCqmQe5MIU3WhLhj0WBBa4sHCpGck6rtJ0AZuzg5RLPMLPW2qi8/GBYl2474PJjhYm/jIBXIJUIHFeFx55d3DDth6Ec4qUYa59PF0XgVrfRQ2c+gTB9GAZrkYa6UoJTcMcVSgxjZPUtmNyJ9ymO3IfqXsk50Qd3pVfgNo+TMMH root@ubuntu-xenial
-----END SSH HOST KEY KEYS-----
[   10.010561] cloud-init[1361]: Cloud-init v. 21.1-19-gbad84ad4-0ubuntu1~16.04.2 running 'modules:final' at Sun, 05 Mar 2023 12:36:57 +0000. Up 9.92 seconds.
[   10.023784] cloud-init[1361]: ci-info: no authorized SSH keys fingerprints found for user ubuntu.
[   10.026822] cloud-init[1361]: Cloud-init v. 21.1-19-gbad84ad4-0ubuntu1~16.04.2 finished at Sun, 05 Mar 2023 12:36:57 +0000. Datasource DataSourceNoCloud [seed=/dev/sdb][dsmode=net].  Up 10.00 seconds
[[0;32m  OK  [0m] Started Execute cloud user/final scripts.
[[0;32m  OK  [0m] Reached target Cloud-init target.

Ubuntu 16.04.7 LTS ubuntu-xenial ttyS0

ubuntu-xenial login:                                                   