[    0.000000] Initializing cgroup subsys cpuset
[    0.000000] Initializing cgroup subsys cpu
[    0.000000] Initializing cgroup subsys cpuacct
[    0.000000] Linux version 4.4.0-210-generic (buildd@lgw01-amd64-009) (gcc version 5.4.0 20160609 (Ubuntu 5.4.0-6ubuntu1~16.04.12) ) #242-Ubuntu SMP Fri Apr 16 09:57:56 UTC 2021 (Ubuntu 4.4.0-210.242-generic 4.4.262)
[    0.000000] Command line: BOOT_IMAGE=/boot/vmlinuz-4.4.0-210-generic root=LABEL=cloudimg-rootfs ro console=tty1 console=ttyS0
[    0.000000] KERNEL supported cpus:
[    0.000000]   Intel GenuineIntel
[    0.000000]   AMD AuthenticAMD
[    0.000000]   Centaur CentaurHauls
[    0.000000] [Firmware Bug]: TSC doesn't count with P0 frequency!
[    0.000000] x86/fpu: Legacy x87 FPU detected.
[    0.000000] e820: BIOS-provided physical RAM map:
[    0.000000] BIOS-e820: [mem 0x0000000000000000-0x000000000009fbff] usable
[    0.000000] BIOS-e820: [mem 0x000000000009fc00-0x000000000009ffff] reserved
[    0.000000] BIOS-e820: [mem 0x00000000000f0000-0x00000000000fffff] reserved
[    0.000000] BIOS-e820: [mem 0x0000000000100000-0x000000003ffeffff] usable
[    0.000000] BIOS-e820: [mem 0x000000003fff0000-0x000000003fffffff] ACPI data
[    0.000000] BIOS-e820: [mem 0x00000000fec00000-0x00000000fec00fff] reserved
[    0.000000] BIOS-e820: [mem 0x00000000fee00000-0x00000000fee00fff] reserved
[    0.000000] BIOS-e820: [mem 0x00000000fffc0000-0x00000000ffffffff] reserved
[    0.000000] NX (Execute Disable) protection: active
[    0.000000] SMBIOS 2.5 present.
[    0.000000] Hypervisor detected: KVM
[    0.000000] Kernel/User page tables isolation: disabled
[    0.000000] e820: last_pfn = 0x3fff0 max_arch_pfn = 0x400000000
[    0.000000] MTRR: Disabled
[    0.000000] x86/PAT: MTRRs disabled, skipping PAT initialization too.
[    0.000000] CPU MTRRs all blank - virtualized system.
[    0.000000] x86/PAT: Configuration [0-7]: WB  WT  UC- UC  WB  WT  UC- UC  
[    0.000000] found SMP MP-table at [mem 0x0009fff0-0x0009ffff] mapped at [ffff88000009fff0]
[    0.000000] Scanning 1 areas for low memory corruption
[    0.000000] RAMDISK: [mem 0x362dc000-0x37165fff]
[    0.000000] ACPI: Early table checksum verification disabled
[    0.000000] ACPI: RSDP 0x00000000000E0000 000024 (v02 VBOX  )
[    0.000000] ACPI: XSDT 0x000000003FFF0030 00003C (v01 VBOX   VBOXXSDT 00000001 ASL  00000061)
[    0.000000] ACPI: FACP 0x000000003FFF00F0 0000F4 (v04 VBOX   VBOXFACP 00000001 ASL  00000061)
[    0.000000] ACPI: DSDT 0x000000003FFF0610 002353 (v02 VBOX   VBOXBIOS 00000002 INTL 20100528)
[    0.000000] ACPI: FACS 0x000000003FFF0200 000040
[    0.000000] ACPI: FACS 0x000000003FFF0200 000040
[    0.000000] ACPI: APIC 0x000000003FFF0240 000054 (v02 VBOX   VBOXAPIC 00000001 ASL  00000061)
[    0.000000] ACPI: SSDT 0x000000003FFF02A0 00036C (v01 VBOX   VBOXCPUT 00000002 INTL 20100528)
[    0.000000] No NUMA configuration found
[    0.000000] Faking a node at [mem 0x0000000000000000-0x000000003ffeffff]
[    0.000000] NODE_DATA(0) allocated [mem 0x3ffeb000-0x3ffeffff]
[    0.000000] kvm-clock: Using msrs 4b564d01 and 4b564d00
[    0.000000] kvm-clock: cpu 0, msr 0:3ffe3001, primary cpu clock
[    0.000000] kvm-clock: using sched offset of 3017514252 cycles
[    0.000000] clocksource: kvm-clock: mask: 0xffffffffffffffff max_cycles: 0x1cd42e4dffb, max_idle_ns: 881590591483 ns
[    0.000000] Zone ranges:
[    0.000000]   DMA      [mem 0x0000000000001000-0x0000000000ffffff]
[    0.000000]   DMA32    [mem 0x0000000001000000-0x000000003ffeffff]
[    0.000000]   Normal   empty
[    0.000000]   Device   empty
[    0.000000] Movable zone start for each node
[    0.000000] Early memory node ranges
[    0.000000]   node   0: [mem 0x0000000000001000-0x000000000009efff]
[    0.000000]   node   0: [mem 0x0000000000100000-0x000000003ffeffff]
[    0.000000] Initmem setup node 0 [mem 0x0000000000001000-0x000000003ffeffff]
[    0.000000] ACPI: PM-Timer IO Port: 0x4008
[    0.000000] IOAPIC[0]: apic_id 1, version 32, address 0xfec00000, GSI 0-23
[    0.000000] ACPI: INT_SRC_OVR (bus 0 bus_irq 0 global_irq 2 dfl dfl)
[    0.000000] ACPI: INT_SRC_OVR (bus 0 bus_irq 9 global_irq 9 low level)
[    0.000000] Using ACPI (MADT) for SMP configuration information
[    0.000000] smpboot: Allowing 1 CPUs, 0 hotplug CPUs
[    0.000000] PM: Registered nosave memory: [mem 0x00000000-0x00000fff]
[    0.000000] PM: Registered nosave memory: [mem 0x0009f000-0x0009ffff]
[    0.000000] PM: Registered nosave memory: [mem 0x000a0000-0x000effff]
[    0.000000] PM: Registered nosave memory: [mem 0x000f0000-0x000fffff]
[    0.000000] e820: [mem 0x40000000-0xfebfffff] available for PCI devices
[    0.000000] Booting paravirtualized kernel on KVM
[    0.000000] clocksource: refined-jiffies: mask: 0xffffffff max_cycles: 0xffffffff, max_idle_ns: 7645519600211568 ns
[    0.000000] setup_percpu: NR_CPUS:512 nr_cpumask_bits:512 nr_cpu_ids:1 nr_node_ids:1
[    0.000000] PERCPU: Embedded 33 pages/cpu @ffff88003fc00000 s95192 r8192 d31784 u2097152
[    0.000000] Built 1 zonelists in Node order, mobility grouping on.  Total pages: 257912
[    0.000000] Policy zone: DMA32
[    0.000000] Kernel command line: BOOT_IMAGE=/boot/vmlinuz-4.4.0-210-generic root=LABEL=cloudimg-rootfs ro console=tty1 console=ttyS0
[    0.000000] PID hash table entries: 4096 (order: 3, 32768 bytes)
[    0.000000] Memory: 997924K/1048120K available (8644K kernel code, 1332K rwdata, 4044K rodata, 1492K init, 1164K bss, 50196K reserved, 0K cma-reserved)
[    0.000000] SLUB: HWalign=64, Order=0-3, MinObjects=0, CPUs=1, Nodes=1
[    0.000000] Hierarchical RCU implementation.
[    0.000000] 	Build-time adjustment of leaf fanout to 64.
[    0.000000] 	RCU restricting CPUs from NR_CPUS=512 to nr_cpu_ids=1.
[    0.000000] RCU: Adjusting geometry for rcu_fanout_leaf=64, nr_cpu_ids=1
[    0.000000] NR_IRQS:33024 nr_irqs:256 16
[    0.000000] Console: colour VGA+ 80x25
[    0.000000] console [tty1] enabled
[    0.000000] console [ttyS0] enabled
[    0.000000] tsc: Detected 3700.004 MHz processor
[    0.233682] Calibrating delay loop (skipped) preset value.. 7400.00 BogoMIPS (lpj=14800016)
[    0.237103] pid_max: default: 32768 minimum: 301
[    0.238830] ACPI: Core revision 20150930
[    0.241020] ACPI: 2 ACPI AML tables successfully acquired and loaded
[    0.243808] Security Framework initialized
[    0.245358] Yama: becoming mindful.
[    0.246887] AppArmor: AppArmor initialized
[    0.248654] Dentry cache hash table entries: 131072 (order: 8, 1048576 bytes)
[    0.252667] Inode-cache hash table entries: 65536 (order: 7, 524288 bytes)
[    0.258857] Mount-cache hash table entries: 2048 (order: 2, 16384 bytes)
[    0.262283] Mountpoint-cache hash table entries: 2048 (order: 2, 16384 bytes)
[    0.265406] Initializing cgroup subsys io
[    0.267287] Initializing cgroup subsys memory
[    0.270353] Initializing cgroup subsys devices
[    0.272045] Initializing cgroup subsys freezer
[    0.273709] Initializing cgroup subsys net_cls
[    0.275884] Initializing cgroup subsys perf_event
[    0.277649] Initializing cgroup subsys net_prio
[    0.279394] Initializing cgroup subsys hugetlb
[    0.282278] Initializing cgroup subsys pids
[    0.284378] CPU0: Hyper-Threading is disabled
[    0.286158] mce: CPU supports 0 MCE banks
[    0.287810] Last level iTLB entries: 4KB 512, 2MB 512, 4MB 256
[    0.290233] Last level dTLB entries: 4KB 2048, 2MB 2048, 4MB 1024, 1GB 0
[    0.292673] Spectre V1 : Mitigation: usercopy/swapgs barriers and __user pointer sanitization
[    0.295695] Spectre V2 : Spectre mitigation: LFENCE not serializing, switching to generic retpoline
[    0.302666] Spectre V2 : Mitigation: Full generic retpoline
[    0.304746] Spectre V2 : Spectre v2 / SpectreRSB mitigation: Filling RSB on context switch
[    0.378945] Freeing SMP alternatives memory: 36K
[    0.412362] ftrace: allocating 32380 entries in 127 pages
[    0.641192] smpboot: APIC(0) Converting physical 0 to logical package 0
[    0.643995] smpboot: Max logical packages: 1
[    0.653536] ..TIMER: vector=0x30 apic1=0 pin1=2 apic2=-1 pin2=-1
[    0.765332] smpboot: CPU0: AMD Ryzen 5 5600X 6-Core Processor (family: 0x19, model: 0x21, stepping: 0x0)
[    0.769679] Performance Events: Broken PMU hardware detected, using software events only.
[    0.772855] Failed to access perfctr msr (MSR c0010007 is 0)
[    0.807197] KVM setup paravirtual spinlock
[    0.810011] x86: Booted up 1 node, 1 CPUs
[    0.811461] smpboot: Total of 1 processors activated (7400.00 BogoMIPS)
[    0.814782] devtmpfs: initialized
[    0.816913] evm: security.selinux
[    0.818199] evm: security.SMACK64
[    0.819419] evm: security.SMACK64EXEC
[    0.820806] evm: security.SMACK64TRANSMUTE
[    0.822451] evm: security.SMACK64MMAP
[    0.824082] evm: security.ima
[    0.825423] evm: security.capability
[    0.826873] clocksource: jiffies: mask: 0xffffffff max_cycles: 0xffffffff, max_idle_ns: 7645041785100000 ns
[    0.830289] futex hash table entries: 256 (order: 2, 16384 bytes)
[    0.832502] pinctrl core: initialized pinctrl subsystem
[    0.834626] RTC time: 12:59:36, date: 03/05/23
[    0.836399] NET: Registered protocol family 16
[    0.838259] cpuidle: using governor ladder
[    0.839745] cpuidle: using governor menu
[    0.841344] PCCT header not found.
[    0.843651] ACPI: bus type PCI registered
[    0.845154] acpiphp: ACPI Hot Plug PCI Controller Driver version: 0.5
[    0.847605] PCI: Using configuration type 1 for base access
[    0.849611] PCI: Using configuration type 1 for extended access
[    0.852828] ACPI: Added _OSI(Module Device)
[    0.854426] ACPI: Added _OSI(Processor Device)
[    0.856020] ACPI: Added _OSI(3.0 _SCP Extensions)
[    0.857759] ACPI: Added _OSI(Processor Aggregator Device)
[    0.860168] ACPI: Executed 1 blocks of module-level executable AML code
[    0.864327] ACPI: Interpreter enabled
[    0.865736] ACPI: (supports S0 S5)
[    0.866988] ACPI: Using IOAPIC for interrupt routing
[    0.868919] PCI: Using host bridge windows from ACPI; if necessary, use "pci=nocrs" and report a bug
[    0.875202] ACPI: PCI Root Bridge [PCI0] (domain 0000 [bus 00-ff])
[    0.877410] acpi PNP0A03:00: _OSC: OS supports [ExtendedConfig ASPM ClockPM Segments MSI]
[    0.880829] acpi PNP0A03:00: _OSC: platform does not support [PCIeCapability]
[    0.883790] acpi PNP0A03:00: _OSC: not requesting control; platform does not support [PCIeCapability]
[    0.887054] acpi PNP0A03:00: _OSC: OS requested [PCIeHotplug PME AER PCIeCapability]
[    0.889836] acpi PNP0A03:00: _OSC: platform willing to grant [PCIeHotplug PME AER]
[    0.892529] acpi PNP0A03:00: _OSC failed (AE_SUPPORT); disabling ASPM
[    0.895048] PCI host bridge to bus 0000:00
[    0.896586] pci_bus 0000:00: root bus resource [io  0x0000-0x0cf7 window]
[    0.898945] pci_bus 0000:00: root bus resource [io  0x0d00-0xffff window]
[    0.901443] pci_bus 0000:00: root bus resource [mem 0x000a0000-0x000bffff window]
[    0.904050] pci_bus 0000:00: root bus resource [mem 0x40000000-0xfdffffff window]
[    0.906724] pci_bus 0000:00: root bus resource [bus 00-ff]
[    0.911335] pci 0000:00:01.1: legacy IDE quirk: reg 0x10: [io  0x01f0-0x01f7]
[    0.913893] pci 0000:00:01.1: legacy IDE quirk: reg 0x14: [io  0x03f6]
[    0.916130] pci 0000:00:01.1: legacy IDE quirk: reg 0x18: [io  0x0170-0x0177]
[    0.918629] pci 0000:00:01.1: legacy IDE quirk: reg 0x1c: [io  0x0376]
[    0.929295] pci 0000:00:07.0: quirk: [io  0x4000-0x403f] claimed by PIIX4 ACPI
[    0.939938] pci 0000:00:07.0: quirk: [io  0x4100-0x410f] claimed by PIIX4 SMB
[    0.946882] ACPI: PCI Interrupt Link [LNKA] (IRQs 5 9 10 *11)
[    0.949926] ACPI: PCI Interrupt Link [LNKB] (IRQs 5 9 *10 11)
[    0.952851] ACPI: PCI Interrupt Link [LNKC] (IRQs 5 *9 10 11)
[    0.955704] ACPI: PCI Interrupt Link [LNKD] (IRQs 5 9 10 *11)
[    0.958737] ACPI: Enabled 2 GPEs in block 00 to 07
[    0.960973] vgaarb: setting as boot device: PCI:0000:00:02.0
[    0.962960] vgaarb: device added: PCI:0000:00:02.0,decodes=io+mem,owns=io+mem,locks=none
[    0.965817] vgaarb: loaded
[    0.966849] vgaarb: bridge control possible 0000:00:02.0
[    0.968884] SCSI subsystem initialized
[    0.970401] ACPI: bus type USB registered
[    0.971894] usbcore: registered new interface driver usbfs
[    0.973910] usbcore: registered new interface driver hub
[    0.975793] usbcore: registered new device driver usb
[    0.977797] PCI: Using ACPI for IRQ routing
[    0.979692] NetLabel: Initializing
[    0.981139] NetLabel:  domain hash size = 128
[    0.982714] NetLabel:  protocols = UNLABELED CIPSOv4
[    0.984470] NetLabel:  unlabeled traffic allowed by default
[    0.986520] amd_nb: Cannot enumerate AMD northbridges
[    0.988354] clocksource: Switched to clocksource kvm-clock
[    1.001587] AppArmor: AppArmor Filesystem Enabled
[    1.003562] pnp: PnP ACPI init
[    1.005440] pnp: PnP ACPI: found 3 devices
[    1.012752] clocksource: acpi_pm: mask: 0xffffff max_cycles: 0xffffff, max_idle_ns: 2085701024 ns
[    1.015871] NET: Registered protocol family 2
[    1.017687] TCP established hash table entries: 8192 (order: 4, 65536 bytes)
[    1.020211] TCP bind hash table entries: 8192 (order: 5, 131072 bytes)
[    1.022715] TCP: Hash tables configured (established 8192 bind 8192)
[    1.025347] UDP hash table entries: 512 (order: 2, 16384 bytes)
[    1.027431] UDP-Lite hash table entries: 512 (order: 2, 16384 bytes)
[    1.029860] NET: Registered protocol family 1
[    1.031437] pci 0000:00:00.0: Limiting direct PCI/PCI transfers
[    1.033603] pci 0000:00:01.0: Activating ISA DMA hang workarounds
[    1.035926] Unpacking initramfs...
[    1.214280] Freeing initrd memory: 14888K
[    1.216500] clocksource: tsc: mask: 0xffffffffffffffff max_cycles: 0x6aaab41c729, max_idle_ns: 881591026156 ns
[    1.220453] platform rtc_cmos: registered platform RTC device (no PNP device found)
[    1.223377] Scanning for low memory corruption every 60 seconds
[    1.225862] audit: initializing netlink subsys (disabled)
[    1.227925] audit: type=2000 audit(1678021181.403:1): initialized
[    1.230339] Initialise system trusted keyring
[    1.232104] HugeTLB registered 2 MB page size, pre-allocated 0 pages
[    1.235275] zbud: loaded
[    1.236709] VFS: Disk quotas dquot_6.6.0
[    1.238184] VFS: Dquot-cache hash table entries: 512 (order 0, 4096 bytes)
[    1.240830] squashfs: version 4.0 (2009/01/31) Phillip Lougher
[    1.243058] fuse init (API version 7.23)
[    1.244708] Key type big_key registered
[    1.246138] Allocating IMA MOK and blacklist keyrings.
[    1.248771] Key type asymmetric registered
[    1.250335] Asymmetric key parser 'x509' registered
[    1.252087] Block layer SCSI generic (bsg) driver version 0.4 loaded (major 249)
[    1.255505] io scheduler noop registered
[    1.257278] io scheduler deadline registered (default)
[    1.259159] io scheduler cfq registered
[    1.260705] pci_hotplug: PCI Hot Plug PCI Core version: 0.5
[    1.262680] pciehp: PCI Express Hot Plug Controller Driver version: 0.4
[    1.265198] ACPI: AC Adapter [AC] (on-line)
[    1.266823] input: Power Button as /devices/LNXSYSTM:00/LNXPWRBN:00/input/input0
[    1.269503] ACPI: Power Button [PWRF]
[    1.270961] input: Sleep Button as /devices/LNXSYSTM:00/LNXSLPBN:00/input/input1
[    1.273674] ACPI: Sleep Button [SLPF]
[    1.275133] GHES: HEST is not enabled!
[    1.276680] Serial: 8250/16550 driver, 32 ports, IRQ sharing enabled
[    1.301886] 00:02: ttyS0 at I/O 0x3f8 (irq = 4, base_baud = 115200) is a 16550A
[    1.305517] Linux agpgart interface v0.103
[    1.309437] loop: module loaded
[    1.311556] scsi host0: ata_piix
[    1.312979] scsi host1: ata_piix
[    1.314236] ata1: PATA max UDMA/33 cmd 0x1f0 ctl 0x3f6 bmdma 0xd000 irq 14
[    1.316705] ata2: PATA max UDMA/33 cmd 0x170 ctl 0x376 bmdma 0xd008 irq 15
[    1.320084] libphy: Fixed MDIO Bus: probed
[    1.321650] tun: Universal TUN/TAP device driver, 1.6
[    1.323459] tun: (C) 1999-2004 Max Krasnyansky <maxk@qualcomm.com>
[    1.325725] PPP generic driver version 2.4.2
[    1.327344] ehci_hcd: USB 2.0 'Enhanced' Host Controller (EHCI) Driver
[    1.329679] ehci-pci: EHCI PCI platform driver
[    1.331358] ehci-platform: EHCI generic platform driver
[    1.333263] ohci_hcd: USB 1.1 'Open' Host Controller (OHCI) Driver
[    1.335425] ohci-pci: OHCI PCI platform driver
[    1.337085] ohci-platform: OHCI generic platform driver
[    1.338919] uhci_hcd: USB Universal Host Controller Interface driver
[    1.341376] i8042: PNP: PS/2 Controller [PNP0303:PS2K,PNP0f03:PS2M] at 0x60,0x64 irq 1,12
[    1.345735] serio: i8042 KBD port at 0x60,0x64 irq 1
[    1.347598] serio: i8042 AUX port at 0x60,0x64 irq 12
[    1.349557] mousedev: PS/2 mouse device common for all mice
[    1.352451] input: AT Translated Set 2 keyboard as /devices/platform/i8042/serio0/input/input2
[    1.356091] rtc_cmos rtc_cmos: rtc core: registered rtc_cmos as rtc0
[    1.358870] rtc_cmos rtc_cmos: alarms up to one day, 114 bytes nvram
[    1.361304] i2c /dev entries driver
[    1.362641] device-mapper: uevent: version 1.0.3
[    1.364577] device-mapper: ioctl: 4.34.0-ioctl (2015-10-28) initialised: dm-devel@redhat.com
[    1.367531] ledtrig-cpu: registered to indicate activity on CPUs
[    1.369969] NET: Registered protocol family 10
[    1.371757] NET: Registered protocol family 17
[    1.373444] Key type dns_resolver registered
[    1.375152] registered taskstats version 1
[    1.376737] Loading compiled-in X.509 certificates
[    1.378768] Loaded X.509 cert 'Build time autogenerated kernel key: cf00e047681d67edb2720680708b7d9498083038'
[    1.382444] zswap: loaded using pool lzo/zbud
[    1.385303] Key type trusted registered
[    1.388529] Key type encrypted registered
[    1.390076] AppArmor: AppArmor sha1 policy hashing enabled
[    1.391995] ima: No TPM chip found, activating TPM-bypass!
[    1.394016] ima: Allocated hash algorithm: sha1
[    1.395637] evm: HMAC attrs: 0x1
[    1.397241]   Magic number: 15:71:986
[    1.398720] rtc_cmos rtc_cmos: setting system clock to 2023-03-05 12:59:37 UTC (1678021177)
[    1.401734] BIOS EDD facility v0.16 2004-Jun-25, 0 devices found
[    1.403820] EDD information not available.
[    1.507323] Freeing unused kernel memory: 1492K
[    1.509050] Write protecting the kernel read-only data: 14336k
[    1.511433] Freeing unused kernel memory: 1584K
[    1.513172] Freeing unused kernel memory: 52K
Loading, please wait...
starting version 229
[    1.523777] random: udevadm: uninitialized urandom read (16 bytes read, 3 bits of entropy available)
[    1.527542] random: systemd-udevd: uninitialized urandom read (16 bytes read, 3 bits of entropy available)
[    1.531234] random: systemd-udevd: uninitialized urandom read (16 bytes read, 3 bits of entropy available)
[    1.534823] random: udevadm: uninitialized urandom read (16 bytes read, 3 bits of entropy available)
[    1.538078] random: systemd-udevd: uninitialized urandom read (16 bytes read, 3 bits of entropy available)
[    1.546110] random: systemd-udevd: uninitialized urandom read (16 bytes read, 3 bits of entropy available)
[    1.550206] random: udevadm: uninitialized urandom read (16 bytes read, 3 bits of entropy available)
[    1.553963] random: systemd-udevd: uninitialized urandom read (16 bytes read, 3 bits of entropy available)
[    1.557451] random: udevadm: uninitialized urandom read (16 bytes read, 3 bits of entropy available)
[    1.560691] random: systemd-udevd: uninitialized urandom read (16 bytes read, 3 bits of entropy available)
[    1.604192] e1000: Intel(R) PRO/1000 Network Driver - version 7.3.21-k8-NAPI
[    1.607003] e1000: Copyright (c) 1999-2006 Intel Corporation.
[    1.612346] Fusion MPT base driver 3.04.20
[    1.613957] Copyright (c) 1999-2008 LSI Corporation
[    1.632290] Fusion MPT SPI Host driver 3.04.20
[    1.648132] SSE version of gcm_enc/dec engaged.
[    1.652820] mptbase: ioc0: Initiating bringup
[    1.726110] ioc0: LSI53C1030 A0: Capabilities={Initiator}
[    1.833710] input: ImExPS/2 Generic Explorer Mouse as /devices/platform/i8042/serio1/input/input4
[    1.896472] scsi host2: ioc0: LSI53C1030 A0, FwRev=00000000h, Ports=1, MaxQ=256, IRQ=20
[    2.010940] scsi 2:0:0:0: Direct-Access     VBOX     HARDDISK         1.0  PQ: 0 ANSI: 5
[    2.014105] scsi target2:0:0: Beginning Domain Validation
[    2.018502] scsi target2:0:0: Domain Validation skipping write tests
[    2.020820] scsi target2:0:0: Ending Domain Validation
[    2.022812] scsi target2:0:0: asynchronous
[    2.025414] scsi 2:0:1:0: Direct-Access     VBOX     HARDDISK         1.0  PQ: 0 ANSI: 5
[    2.028271] scsi target2:0:1: Beginning Domain Validation
[    2.033012] scsi target2:0:1: Domain Validation skipping write tests
[    2.035217] scsi target2:0:1: Ending Domain Validation
[    2.042685] scsi target2:0:1: asynchronous
[    2.156742] sd 2:0:0:0: Attached scsi generic sg0 type 0
[    2.158652] sd 2:0:0:0: [sda] 83886080 512-byte logical blocks: (42.9 GB/40.0 GiB)
[    2.162155] sd 2:0:1:0: [sdb] 20480 512-byte logical blocks: (10.5 MB/10.0 MiB)
[    2.164861] sd 2:0:1:0: Attached scsi generic sg1 type 0
[    2.168670] sd 2:0:1:0: [sdb] Write Protect is off
[    2.176226] sd 2:0:0:0: [sda] Write Protect is off
[    2.178353] sd 2:0:1:0: [sdb] Incomplete mode parameter data
[    2.180349] sd 2:0:1:0: [sdb] Assuming drive cache: write through
[    2.182697] sd 2:0:0:0: [sda] Incomplete mode parameter data
[    2.184738] sd 2:0:0:0: [sda] Assuming drive cache: write through
[    2.193398]  sda: sda1
[    2.196498] sd 2:0:0:0: [sda] Attached SCSI disk
[    2.199048] sd 2:0:1:0: [sdb] Attached SCSI disk
[    2.502888] e1000 0000:00:03.0 eth0: (PCI:33MHz:32-bit) 02:be:82:6b:cc:1d
[    2.505314] e1000 0000:00:03.0 eth0: Intel(R) PRO/1000 Network Connection
[    2.934995] e1000 0000:00:08.0 eth1: (PCI:33MHz:32-bit) 08:00:27:70:68:df
[    2.937791] e1000 0000:00:08.0 eth1: Intel(R) PRO/1000 Network Connection
[    2.940961] e1000 0000:00:08.0 enp0s8: renamed from eth1
[    2.943943] e1000 0000:00:03.0 enp0s3: renamed from eth0
Begin: Loading essential drivers ... [    4.189829] md: linear personality registered for level -1
[    4.193471] md: multipath personality registered for level -4
[    4.196893] md: raid0 personality registered for level 0
[    4.202086] md: raid1 personality registered for level 1
[    4.276389] raid6: sse2x1   gen()  8568 MB/s
[    4.349164] raid6: sse2x1   xor() 13557 MB/s
[    4.424419] raid6: sse2x2   gen() 16426 MB/s
[    4.496740] raid6: sse2x2   xor() 18012 MB/s
[    4.569027] raid6: sse2x4   gen() 22238 MB/s
[    4.644381] raid6: sse2x4   xor() 13143 MB/s
[    4.645964] raid6: using algorithm sse2x4 gen() 22238 MB/s
[    4.648399] raid6: .... xor() 13143 MB/s, rmw enabled
[    4.650241] raid6: using ssse3x2 recovery algorithm
[    4.653563] xor: measuring software checksum speed
[    4.757573]    prefetch64-sse: 56055.000 MB/sec
[    4.863226]    generic_sse: 53441.000 MB/sec
[    4.864891] xor: using function: prefetch64-sse (56055.000 MB/sec)
[    4.868515] async_tx: api initialized (async)
[    4.881707] md: raid6 personality registered for level 6
[    4.883608] md: raid5 personality registered for level 5
[    4.885557] md: raid4 personality registered for level 4
[    4.892855] md: raid10 personality registered for level 10
done.
Begin: Running /scripts/init-premount ... done.
Begin: Mounting root file system ... Begin: Running /scripts/local-top ... done.
Begin: Running /scripts/local-premount ... [    4.932501] Btrfs loaded
Scanning for Btrfs filesystems
done.
Warning: fsck not present, so skipping root file system
[    4.956566] EXT4-fs (sda1): mounted filesystem with ordered data mode. Opts: (null)
done.
Begin: Running /scripts/local-bottom ... done.
Begin: Running /scripts/init-bottom ... done.
[    5.039013] systemd[1]: systemd 229 running in system mode. (+PAM +AUDIT +SELINUX +IMA +APPARMOR +SMACK +SYSVINIT +UTMP +LIBCRYPTSETUP +GCRYPT +GNUTLS +ACL +XZ -LZ4 +SECCOMP +BLKID +ELFUTILS +KMOD -IDN)
[    5.045773] systemd[1]: Detected virtualization oracle.
[    5.047629] systemd[1]: Detected architecture x86-64.

Welcome to [1mUbuntu 16.04.7 LTS[0m!

[    5.054453] systemd[1]: Set hostname to <ubuntu>.
[    5.059358] systemd[1]: Initializing machine ID from random generator.
[    5.061720] systemd[1]: Installed transient /etc/machine-id file.
[    5.173104] systemd[1]: Reached target Swap.
[[0;32m  OK  [0m] Reached target Swap.
[    5.177068] systemd[1]: Listening on Journal Socket.
[[0;32m  OK  [0m] Listening on Journal Socket.
[    5.181226] systemd[1]: Listening on /dev/initctl Compatibility Named Pipe.
[[0;32m  OK  [0m] Listening on /dev/initctl Compatibility Named Pipe.
[    5.186196] systemd[1]: Started Forward Password Requests to Wall Directory Watch.
[[0;32m  OK  [0m] Started Forward Password Requests to Wall Directory Watch.
[    5.191649] systemd[1]: Listening on Syslog Socket.
[[0;32m  OK  [0m] Listening on Syslog Socket.
[    5.195673] systemd[1]: Listening on Journal Socket (/dev/log).
[[0;32m  OK  [0m] Listening on Journal Socket (/dev/log).
[    5.200257] systemd[1]: Listening on Journal Audit Socket.
[[0;32m  OK  [0m] Listening on Journal Audit Socket.
[    5.204651] systemd[1]: Listening on LVM2 poll daemon socket.
[[0;32m  OK  [0m] Listening on LVM2 poll daemon socket.
[    5.209579] systemd[1]: Created slice User and Session Slice.
[[0;32m  OK  [0m] Created slice User and Session Slice.
[    5.214337] systemd[1]: Listening on udev Control Socket.
[[0;32m  OK  [0m] Listening on udev Control Socket.
[    5.218985] systemd[1]: Set up automount Arbitrary Executable File Formats File System Automount Point.
[[0;32m  OK  [0m] Set up automount Arbitrary Executab...ats File System Automount Point.
[    5.225087] systemd[1]: Reached target User and Group Name Lookups.
[[0;32m  OK  [0m] Reached target User and Group Name Lookups.
[    5.229769] systemd[1]: Listening on Device-mapper event daemon FIFOs.
[[0;32m  OK  [0m] Listening on Device-mapper event daemon FIFOs.
[    5.234785] systemd[1]: Listening on udev Kernel Socket.
[[0;32m  OK  [0m] Listening on udev Kernel Socket.
[    5.239142] systemd[1]: Created slice System Slice.
[[0;32m  OK  [0m] Created slice System Slice.
[    5.243739] systemd[1]: Mounting Huge Pages File System...
         Mounting Huge Pages File System...
[    5.248067] systemd[1]: Created slice system-serial\x2dgetty.slice.
[[0;32m  OK  [0m] Created slice system-serial\x2dgetty.slice.
[    5.254898] systemd[1]: Reached target Slices.
[[0;32m  OK  [0m] Reached target Slices.
[    5.258999] systemd[1]: Starting Uncomplicated firewall...
         Starting Uncomplicated firewall...
[    5.264389] systemd[1]: Starting Journal Service...
         Starting Journal Service...
[    5.277823] systemd[1]: Starting Set console keymap...
         Starting Set console keymap...
[    5.282838] systemd[1]: Starting Nameserver information manager...
         Starting Nameserver information manager...
[    5.307169] systemd[1]: Starting Load Kernel Modules...
         Starting Load Kernel Modules...
[    5.315399] systemd[1]: Mounting Debug File System...
         Mounting Debug File System...
[    5.325495] systemd[1]: Starting Create list of required static device nodes for the current kernel...
         Starting Create list of required st... nodes for the current kernel...
[    5.336068] systemd[1]: Mounting POSIX Message Queue File System...
[    5.339985] Loading iSCSI transport class v2.0-870.
         Mounting POSIX Message Queue File System...
[    5.347364] systemd[1]: Listening on LVM2 metadata daemon socket.
[    5.351340] iscsi: registered transport (tcp)
[[0;32m  OK  [0m] Listening on LVM2 metadata daemon socket.
[    5.357416] systemd[1]: Starting Monitoring of LVM2 mirrors, snapshots etc. using dmeventd or progress polling...
         Starting Monitoring of LVM2 mirrors... dmeventd or progress polling...
[    5.370827] systemd[1]: Started Trigger resolvconf update for networkd DNS.
[[0;32m  OK  [0m] Started Trigger resolvconf update for networkd DNS.
[    5.381150] systemd[1]: Listening on fsck to fsckd communication Socket.
[[0;32m  OK  [0m] Listening on fsck to fsckd communication Socket.
[    5.389006] systemd[1]: Starting File System Check on Root Device...
         Starting File System Check on Root Device...
[    5.398307] systemd[1]: Reached target Encrypted Volumes.
[[0;32m  OK  [0m] Reached target Encrypted Volumes.
[    5.406778] systemd[1]: Reached target System Time Synchronized.
[[    5.413848] iscsi: registered transport (iser)
[0;32m  OK  [0m] [    5.416231] random: nonblocking pool is initialized
Reached target System Time Synchronized.
[    5.421106] systemd[1]: Mounted Huge Pages File System.
[[0;32m  OK  [0m] Mounted Huge Pages File System.
[    5.426525] systemd[1]: Mounted POSIX Message Queue File System.
[[0;32m  OK  [0m] Mounted POSIX Message Queue File System.
[    5.431816] systemd[1]: Mounted Debug File System.
[[0;32m  OK  [0m] Mounted Debug File System.
[    5.436084] systemd[1]: Started Journal Service.
[[0;32m  OK  [0m] Started Journal Service.
[[0;32m  OK  [0m] Started Uncomplicated firewall.
[[0;32m  OK  [0m] Started Set console keymap.
[[0;32m  OK  [0m] Started Load Kernel Modules.
[[0;32m  OK  [0m] Started Create list of required sta...ce nodes for the current kernel.
[[0;32m  OK  [0m] Started File System Check on Root Device.
[[0;32m  OK  [0m] Started Nameserver information manager.
[[0;32m  OK  [0m] Started File System Check Daemon to report status.
[[0;32m  OK  [0m] Started LVM2 metadata daemon.
         Starting Remount Root and Kernel File Systems...
[    5.494783] EXT4-fs (sda1): re-mounted. Opts: (null)
         Starting Create Static Device Nodes in /dev...
         Mounting FUSE Control File System...
         Starting Apply Kernel Variables...
[[0;32m  OK  [0m] Mounted FUSE Control File System.
[[0;32m  OK  [0m] Started Remount Root and Kernel File Systems.
[[0;32m  OK  [0m] Started Create Static Device Nodes in /dev.
[[0;32m  OK  [0m] Started Apply Kernel Variables.
         Starting udev Kernel Device Manager...
         Starting udev Coldplug all Devices...
         Starting Flush Journal to Persistent Storage...
         Starting Load/Save Random Seed...
[[0;32m  OK  [0m] Started Load/Save Random Seed.
[[0;32m  OK  [0m] Started Flush Journal to Persistent Storage.
[[0;32m  OK  [0m] Started udev Kernel Device Manager.
[[0;32m  OK  [0m] Started udev Coldplug all Devices.
[[0;32m  OK  [0m] Started Dispatch Password Requests to Console Directory Watch.
[[0;32m  OK  [0m] Found device /dev/ttyS0.
[[0;32m  OK  [0m] Started Monitoring of LVM2 mirrors,...ng dmeventd or progress polling.
[[0;32m  OK  [0m] Reached target Local File Systems (Pre).
[[0;32m  OK  [0m] Reached target Local File Systems.
         Starting Set console font and keymap...
         Starting Commit a transient machine-id on disk...
         Starting Tell Plymouth To Write Out Runtime Data...
         Starting LSB: AppArmor initialization...
         Starting Create Volatile Files and Directories...
         Starting Initial cloud-init job (pre-networking)...
[[0;32m  OK  [0m] Started Commit a transient machine-id on disk.
[[0;32m  OK  [0m] Started Tell Plymouth To Write Out Runtime Data.
[[0;32m  OK  [0m] Started Create Volatile Files and Directories.
         Starting Update UTMP about System Boot/Shutdown...
[[0;32m  OK  [0m] Started Update UTMP about System Boot/Shutdown.
[[0;32m  OK  [0m] Listening on Load/Save RF Kill Switch Status /dev/rfkill Watch.
[    6.540491] cloud-init[541]: Cloud-init v. 21.1-19-gbad84ad4-0ubuntu1~16.04.2 running 'init-local' at Sun, 05 Mar 2023 12:59:42 +0000. Up 6.18 seconds.
[[0;32m  OK  [0m] Started Initial cloud-init job (pre-networking).
[[0;32m  OK  [0m] Started LSB: AppArmor initialization.
         Starting Load AppArmor profiles managed internally by snapd...
[[0;32m  OK  [0m] Reached target Network (Pre).
         Starting Raise network interfaces...
[[0;32m  OK  [0m] Started Load AppArmor profiles managed internally by snapd.
[[0;32m  OK  [0m] Started Set console font and keymap.
[[0;32m  OK  [0m] Created slice system-getty.slice.
[[0;32m  OK  [0m] Started Raise network interfaces.
[[0;32m  OK  [0m] Reached target Network.
         Starting Initial cloud-init job (metadata service crawler)...
[    7.548445] cloud-init[964]: Cloud-init v. 21.1-19-gbad84ad4-0ubuntu1~16.04.2 running 'init' at Sun, 05 Mar 2023 12:59:43 +0000. Up 7.30 seconds.
[    7.557658] cloud-init[964]: ci-info: ++++++++++++++++++++++++++++++++++++++Net device info+++++++++++++++++++++++++++++++++++++++
[    7.560889] cloud-init[964]: ci-info: +--------+-------+----------------------------+---------------+--------+-------------------+
[    7.568438] cloud-init[964]: ci-info: | Device |   Up  |          Address           |      Mask     | Scope  |     Hw-Address    |
[    7.578721] cloud-init[964]: ci-info: +--------+-------+----------------------------+---------------+--------+-------------------+
[    7.582709] cloud-init[964]: ci-info: | enp0s3 |  True |         10.0.2.15          | 255.255.255.0 | global | 02:be:82:6b:cc:1d |
[    7.589093] cloud-init[964]: ci-info: | enp0s3 |  True | fe80::be:82ff:fe6b:cc1d/64 |       .       |  link  | 02:be:82:6b:cc:1d |
[    7.598381] cloud-init[964]: ci-info: | enp0s8 | False |             .              |       .       |   .    | 08:00:27:70:68:df |
[[0;32m  OK  [0m] Started Initial cloud-init job (metadata service crawler).
[    7.605641] cloud-init[964]: ci-info: |   lo   |  True |         127.0.0.1          |   255.0.0.0   |  host  |         .         |[[0;32m  OK  [0m] Reached target System Initialization.
[[0;32m  OK  [0m] Started Daily apt download activities.

[    7.613034] cloud-init[964]: ci-info: |   lo   |  True |          ::1/128           |       .       |  host  |         .         |
[    7.615367] cloud-init[964]: [[0;32m  OK  [0m] Started Ubuntu Advantage update messaging.
[[0;32m  OK  [0m] Started Daily Cleanup of Temporary Directories.
ci-info: +--------+-------+----------------------------+---------------+--------+-------------------+
[    7.621920] cloud-init[964]: ci-info: +++++++++++++++++++++++++++Route IPv4 info++++++++++++++++++++++++++++[[0;32m  OK  [0m] Started ACPI Events Check.
[[0;32m  OK  [0m] Reached target Paths.
[[0;32m  OK  [0m
[    7.628643] cloud-init[964]: ci-info: +-------+-------------+----------+---------------+-----------+-------+
[    7.631196] cloud-init[964]: ] Started Daily apt upgrade and clean activities.
[[0;32m  OK  [0m] Listening on ACPID Listen Socket.
[[0;32m  OK  [0m] ci-info: | Route | Destination | Gateway  |    Genmask    | Interface | Flags |
[    7.637533] cloud-init[964]: ci-info: +-------+-------------+----------+---------------+-----------+-------+
[    7.639972] Listening on UUID daemon activation socket.
[[0;32m  OK  [0m] Listening on D-Bus System Message Bus Socket.
cloud-init[964]: ci-info: |   0   |   0.0.0.0   | 10.0.2.2 |    0.0.0.0    |   enp0s3  |   UG  |         Starting LXD - unix socket.
         Starting Socket activation for snappy daemon.
[[0;32m  OK  [0m] 
[    7.648561] cloud-init[964]: ci-info: |   1   |   10.0.2.0  | 0.0.0.0  | 255.255.255.0 |   enp0s3  |   U   |
[    7.650680] cloud-init[964]: ci-info: +-------+-------------+----------+---------------+-----------+-------+Started Message of the Day.
[[0;32m  OK  [0m] Reached target Timers.
[
[    7.656604] cloud-init[964]: ci-info: +++++++++++++++++++Route IPv6 info+++++++++++++++++++
[    7.658621] cloud-init[964]: ci-info: +-------+-------------+---------+-----------+-------+[0;32m  OK  [0m] Reached target Network is Online.
         Starting iSCSI initiator daemon (iscsid)...
[[0;32m  OK  [0m] 
[    7.664486] cloud-init[964]: ci-info: | Route | Destination | Gateway | Interface | Flags |
[    7.666467] cloud-init[964]: ci-info: +-------+-------------+---------+-----------+-------+Reached target Cloud-config availability.
[[0;32m  OK  [0m] Listening on LXD - unix socket.
[[0;32m  OK  [0m] 
Listening on Socket activation for snappy daemon.
[[0;32m  OK  [0m] Reached target Sockets.[    7.676536] cloud-init[964]: ci-info: |   0   |  fe80::/64  |    ::   |   enp0s3  |   U   |
[[0;32m  OK  [0m] Reached target Basic System.
         Starting Login Service...
         
[    7.685367] cloud-init[964]: ci-info: |   3   |   ff00::/8  |    ::   |   enp0s3  |   U   |
[    7.687426] cloud-initStarting LSB: Record successful boot for GRUB...
[[0;32m  OK  [0m] Started D-Bus System Message Bus.
[964]: ci-info: +-------+-------------+---------+-----------+-------+
[    7.706098] cloud-init[964]: Generating public/private rsa key pair.
[    7.710551] cloud-init[964]: Your identification has been saved in /etc/ssh/ssh_host_rsa_key.
[    7.715029] cloud-init[964]: Your public key has been saved in /etc/ssh/ssh_host_rsa_key.pub.
         Starting System Logging Service...
         Starting /etc/rc.local Compatibility...
[    7.719403] cloud-init[964]: The key fingerprint is:
[    7.725992] cloud-init[964]: SHA256:WG5lYksNH2HhVRACBqSZaafAGZQ14KGkWXLpxLb+P8s root@ubuntu-xenial
         Starting LXD - container startup/shutdown...
         Starting LSB: MD monitoring daemon...
[[0;32m  OK  [0m] Started Regular background program processing daemon.
[[0;32m  OK  [0m] Started Deferred execution scheduler.
[    7.734690]          Starting Pollinate to seed the pseudo random number generator...
         Starting Virtualbox guest utils...
         Starting Accounts Service...
         Starting Snap Daemon...
[[0;32m  OK  [0m] Started FUSE filesystem for LXC.
[[0;32m  OK  [0m] Started ACPI event daemon.
[[0;32m  OK  [0m] Started System Logging Service.
[[0;32m  OK  [0m] Started /etc/rc.local Compatibility.
[[0;32m  OK  [0m] Started iSCSI initiator daemon (iscsid).
cloud-init[964]: The key's randomart image is:
         Starting Login to default iSCSI targets...
[[0;32m  OK  [0m] Started Login Service.
[[0;32m  OK  [0m] Started Unattended Upgrades Shutdown.
[[0;32m  OK  [0m] Started LSB: Record successful boot for GRUB.
[[0;32m  OK  [0m] Started Login to default iSCSI targets.
[[0;32m  OK  [0m] Reached target Remote File Systems (Pre).
[    7.857995] cloud-init[964]: +---[RSA 2048]----+
[[0;32m  OK  [0m] Reached target Remote File Systems.
         Starting LSB: automatic crash report generation...
         Starting LSB: daemon to balance interrupts for SMP systems...
         Starting Permit User Sessions...
         Starting LSB: Set the CPU Frequency Scaling governor to "ondemand"...
[[0;32m  OK  [0m] Started LSB: MD monitoring daemon.
[[0;32m  OK  [0m] Started Permit User Sessions.
         Starting Terminate Plymouth Boot Screen...
         Starting Hold until boot process finishes up...
[[0;32m  OK  [0m] Started Terminate Plymouth Boot Screen.
[[0;32m  OK  [0m] Started Hold until boot process finishes up.
[[0;32m  OK  [0m] Started Getty on tty1.
         Starting Set console scheme...
[[0;32m  OK  [0m] Started Serial Getty on ttyS0.
[[0;32m  OK  [0m] Reached target Login Prompts.
[[0;32m  OK  [0m] Started LSB: Set the CPU Frequency Scaling governor to "ondemand".
[[0;32m  OK  [0m] Started Set console scheme.
[    7.955365] [[0;32m  OK  [0m] Started LSB: daemon to balance interrupts for SMP systems.
cloud-init[964]: |.+B=o.o.+.*o++.  |
[[0;32m  OK  [0m] Started LSB: automatic crash report generation.
[    7.986717] cloud-init[964]: |oO*+ * . * +     |         Starting Authenticate and Authorize Users to Run Privileged Tasks...

[[0;32m  OK  [0m] Started Authenticate and Authorize Users to Run Privileged Tasks.
[    8.025399] cloud-init[964]: [[0;32m  OK  [0m] Started Accounts Service.
|++=.* . = *      |
[    8.060376] cloud-init[964]: |  oo o * =       |
[[0;32m  OK  [0m] Started LXD - container startup/shutdown.
[    8.069970] cloud-init[964]: | .  . . S        |
[    8.084515] cloud-init[964]: |  .    .         |
[    8.097125] cloud-init[964]: |   .             |
[    8.114583] cloud-init[964]: |    ...          |
[    8.133463] cloud-init[964]: |     .Eo         |
[[0;32m  OK  [0m] Started Virtualbox guest utils.[    8.149675] cloud-init
[964]: +----[SHA256]-----+
[    8.165649] cloud-init[964]: Generating public/private dsa key pair.
[    8.180969] cloud-init[964]: Your identification has been saved in /etc/ssh/ssh_host_dsa_key.
[    8.189143] cloud-init[964]: Your public key has been saved in /etc/ssh/ssh_host_dsa_key.pub.
[    8.198014] cloud-init[964]: The key fingerprint is:
[    8.201639] cloud-init[964]: SHA256:6QwN+LSWm1MZhZgaKt1woWGIkIwF+wNAO7dHSIdT8v4 root@ubuntu-xenial
[    8.208712] cloud-init[964]: The key's randomart image is:
[    8.220099] cloud-init[964]: +---[DSA 1024]----+
[    8.228759] cloud-init[964]: |X*+o++ o ..      |
[    8.234279] cloud-init[964]: |*++=B.o ..       |
[    8.245494] cloud-init[964]: |o+.Bo=o .        |
[    8.254286] cloud-init[964]: |.o= *o = +       |
[    8.266727] cloud-init[964]: | .o. o* S        |
[    8.275000] cloud-init[964]: |   ....B         |
[    8.280559] cloud-init[964]: |      +Eo        |
[    8.290441] cloud-init[964]: |       .         |
[    8.298630] cloud-init[964]: |                 |
[    8.302766] cloud-init[964]: +----[SHA256]-----+
[    8.307326] cloud-init[964]: Generating public/private ecdsa key pair.
[    8.318397] cloud-init[964]: Your identification has been saved in /etc/ssh/ssh_host_ecdsa_key.
[    8.324197] cloud-init[964]: Your public key has been saved in /etc/ssh/ssh_host_ecdsa_key.pub.
[[0;32m  OK  [0m] Started Snap Daemon.
         Starting Wait until snapd is fully seeded...[    8.334501] cloud-init[964]: The key fingerprint is:

[    8.350403] cloud-init[964]: SHA256:Sx3xQIIZ1vMN+fbu8NY60ikVribQ7KD5lOqHAnZcYuo root@ubuntu-xenial
[    8.357272] cloud-init[964]: The key's randomart image is:
[    8.365893] cloud-init[964]: +---[ECDSA 256]---+
[    8.379770] cloud-init[964]: |      o=..+.     |
[    8.383330] cloud-init[964]: |     .o o.o+     |
[    8.394802] cloud-init[964]: |         o.+.    |
[    8.401106] cloud-init[964]: |    o .  ...+ .  |
[    8.404105] cloud-init[964]: |   + o  So.. o . |
[    8.410548] cloud-init[964]: |  + o  .ooo   +  |
[    8.414539] cloud-init[964]: | o o   +++  .= o |
[    8.419760] cloud-init[964]: |  E . +o. o =o* .|
[    8.422311] cloud-init[964]: |     ooo.  o =+o |
[    8.432268] cloud-init[964]: +----[SHA256]-----+
[    8.442087] cloud-init[964]: Generating public/private ed25519 key pair.
[    8.447161] cloud-init[964]: Your identification has been saved in /etc/ssh/ssh_host_ed25519_key.
[    8.457577] cloud-init[964]: Your public key has been saved in /etc/ssh/ssh_host_ed25519_key.pub.
[    8.464269] cloud-init[964]: The key fingerprint is:
[    8.472851] cloud-init[964]: SHA256:dw/t+2hYaTu3OlY5ZmT+KvbHsmYYWiTn8Pw5Nb3zHfw root@ubuntu-xenial
[    8.482508] cloud-init[964]: The key's randomart image is:
[    8.491400] cloud-init[964]: +--[ED25519 256]--+
[    8.494167] cloud-init[964]: |                 |
[    8.501865] cloud-init[964]: |                 |
[    8.511386] cloud-init[964]: |                 |
[    8.518116] cloud-init[964]: |          o o. o |
[    8.529570] cloud-init[964]: |        S .Oo =.o|
[    8.538309] cloud-init[964]: |         . .*+=Oo|
[    8.544990] cloud-init[964]: |           o B*B=|
[    8.548530] cloud-init[964]: |          . =o@=O|
[    8.554368] cloud-init[964]: |           ..BO@E|
[    8.570819] cloud-init[964]: +----[SHA256]-----+
[[0;32m  OK  [0m] Started Pollinate to seed the pseudo random number generator.
         Starting OpenBSD Secure Shell server...
[[0;32m  OK  [0m] Started OpenBSD Secure Shell server.
[[0;32m  OK  [0m] Started Wait until snapd is fully seeded.
         Starting Apply the settings specified in cloud-config...
[[0;32m  OK  [0m] Reached target Multi-User System.
[[0;32m  OK  [0m] Reached target Graphical Interface.
         Starting Update UTMP about System Runlevel Changes...
[[0;32m  OK  [0m] Started Update UTMP about System Runlevel Changes.
[    9.672238] cloud-init[1316]: Generating locales (this might take a while)...
[   10.193359] cloud-init[1316]:   en_US.UTF-8... done
[   10.197019] cloud-init[1316]: Generation complete.
[   10.380935] cloud-init[1316]: Cloud-init v. 21.1-19-gbad84ad4-0ubuntu1~16.04.2 running 'modules:config' at Sun, 05 Mar 2023 12:59:46 +0000. Up 9.61 seconds.
[[0;32m  OK  [0m] Started Apply the settings specified in cloud-config.
         Starting Execute cloud user/final scripts...
ci-info: no authorized SSH keys fingerprints found for user ubuntu.
<14>Mar  5 12:59:47 ec2: 
<14>Mar  5 12:59:47 ec2: #############################################################
<14>Mar  5 12:59:47 ec2: -----BEGIN SSH HOST KEY FINGERPRINTS-----
<14>Mar  5 12:59:47 ec2: 1024 SHA256:6QwN+LSWm1MZhZgaKt1woWGIkIwF+wNAO7dHSIdT8v4 root@ubuntu-xenial (DSA)
<14>Mar  5 12:59:47 ec2: 256 SHA256:Sx3xQIIZ1vMN+fbu8NY60ikVribQ7KD5lOqHAnZcYuo root@ubuntu-xenial (ECDSA)
<14>Mar  5 12:59:47 ec2: 256 SHA256:dw/t+2hYaTu3OlY5ZmT+KvbHsmYYWiTn8Pw5Nb3zHfw root@ubuntu-xenial (ED25519)
<14>Mar  5 12:59:47 ec2: 2048 SHA256:WG5lYksNH2HhVRACBqSZaafAGZQ14KGkWXLpxLb+P8s root@ubuntu-xenial (RSA)
<14>Mar  5 12:59:47 ec2: -----END SSH HOST KEY FINGERPRINTS-----
<14>Mar  5 12:59:47 ec2: #############################################################
-----BEGIN SSH HOST KEY KEYS-----
ecdsa-sha2-nistp256 AAAAE2VjZHNhLXNoYTItbmlzdHAyNTYAAAAIbmlzdHAyNTYAAABBBBzRjq+9vJOWy/Ge3DmZkQ4vJ//GM8wJT4cUfcveunQX7AHyXI72IJcc1IIm2XHYPLXv3Ewf0qTTZ3VWIUXIPuM= root@ubuntu-xenial
ssh-ed25519 AAAAC3NzaC1lZDI1NTE5AAAAIAuOkCOhlbVJo/g/ggjvCsMLPbPp6DzEsgQO06gyZZ0c root@ubuntu-xenial
ssh-rsa AAAAB3NzaC1yc2EAAAADAQABAAABAQCpvcw3lD8guTdZjMkJKcVszTzm/F/Z0SwRXEGm3KiolPMWMQBaj1rXKLYVW3QxaBycZ7Hn/WsrqhwNx9TBK1WibzPp7InfPQW6IxQmYfDqeG4KuUmfKY7T/yyOJ0IL9zniTrPFNNQm0wjH/VX+zBWIk1mGuSlOrqnz0Wef1oh3EUAYpBSwweExwxaqlznmddTpsmDEM9kMZmFVO0xEXnV1Igz13UHLa6NiA2Mc9fMxspMPVHc/MzdcaTS5DkvFprt6i9ZfyhwXR3yDzi7GqJItqmMvilRy32yIaE+OB1aUCXxdfhocsbH1r0kg3tDV/miiEMyCk5G/9yeA7Mi5qQrf root@ubuntu-xenial
-----END SSH HOST KEY KEYS-----
[   10.645058] cloud-init[1361]: Cloud-init v. 21.1-19-gbad84ad4-0ubuntu1~16.04.2 running 'modules:final' at Sun, 05 Mar 2023 12:59:47 +0000. Up 10.55 seconds.
[   10.659265] cloud-init[1361]: ci-info: no authorized SSH keys fingerprints found for user ubuntu.
[   10.662708] cloud-init[1361]: Cloud-init v. 21.1-19-gbad84ad4-0ubuntu1~16.04.2 finished at Sun, 05 Mar 2023 12:59:47 +0000. Datasource DataSourceNoCloud [seed=/dev/sdb][dsmode=net].  Up 10.64 seconds
[[0;32m  OK  [0m] Started Execute cloud user/final scripts.
[[0;32m  OK  [0m] Reached target Cloud-init target.

Ubuntu 16.04.7 LTS ubuntu-xenial ttyS0

ubuntu-xenial login: 